{"/Users/nick/CSC308/FrontEnd/Hopsy/global.js": {"path":"/Users/nick/CSC308/FrontEnd/Hopsy/global.js","statementMap":{"0":{"start":{"line":1,"column":0},"end":{"line":4,"column":3}}},"fnMap":{},"branchMap":{},"s":{"0":4},"f":{},"b":{},"_coverageSchema":"1a1c01bbd47fc00a2c39e90264f33305004495a9","hash":"f1af8045979f538361b90ec123203ca568d2d8fa"}
,"/Users/nick/CSC308/FrontEnd/Hopsy/src/components/CustomButton.js": {"path":"/Users/nick/CSC308/FrontEnd/Hopsy/src/components/CustomButton.js","statementMap":{"0":{"start":{"line":7,"column":37},"end":{"line":7,"column":47}},"1":{"start":{"line":8,"column":4},"end":{"line":15,"column":6}},"2":{"start":{"line":11,"column":23},"end":{"line":11,"column":32}},"3":{"start":{"line":19,"column":0},"end":{"line":22,"column":2}},"4":{"start":{"line":24,"column":15},"end":{"line":37,"column":2}}},"fnMap":{"0":{"name":"(anonymous_0)","decl":{"start":{"line":6,"column":2},"end":{"line":6,"column":3}},"loc":{"start":{"line":6,"column":11},"end":{"line":16,"column":3}},"line":6},"1":{"name":"(anonymous_1)","decl":{"start":{"line":11,"column":17},"end":{"line":11,"column":18}},"loc":{"start":{"line":11,"column":23},"end":{"line":11,"column":32}},"line":11}},"branchMap":{},"s":{"0":10,"1":10,"2":0,"3":6,"4":6},"f":{"0":10,"1":0},"b":{},"_coverageSchema":"1a1c01bbd47fc00a2c39e90264f33305004495a9","hash":"b2ebee9a711ab3992e6a7091be6890076dbfeea9"}
,"/Users/nick/CSC308/FrontEnd/Hopsy/src/components/Header.js": {"path":"/Users/nick/CSC308/FrontEnd/Hopsy/src/components/Header.js","statementMap":{"0":{"start":{"line":8,"column":30},"end":{"line":8,"column":40}},"1":{"start":{"line":9,"column":4},"end":{"line":26,"column":6}},"2":{"start":{"line":15,"column":16},"end":{"line":15,"column":26}},"3":{"start":{"line":32,"column":15},"end":{"line":57,"column":2}}},"fnMap":{"0":{"name":"(anonymous_0)","decl":{"start":{"line":7,"column":2},"end":{"line":7,"column":3}},"loc":{"start":{"line":7,"column":11},"end":{"line":27,"column":3}},"line":7},"1":{"name":"(anonymous_1)","decl":{"start":{"line":14,"column":23},"end":{"line":14,"column":24}},"loc":{"start":{"line":14,"column":29},"end":{"line":16,"column":15}},"line":14}},"branchMap":{},"s":{"0":18,"1":18,"2":0,"3":6},"f":{"0":18,"1":0},"b":{},"_coverageSchema":"1a1c01bbd47fc00a2c39e90264f33305004495a9","hash":"9d2cc3c8c8cf09c07a3e09c778d0f6c0982fd02c"}
,"/Users/nick/CSC308/FrontEnd/Hopsy/src/components/LoginForm.js": {"path":"/Users/nick/CSC308/FrontEnd/Hopsy/src/components/LoginForm.js","statementMap":{"0":{"start":{"line":15,"column":10},"end":{"line":18,"column":3}},"1":{"start":{"line":20,"column":4},"end":{"line":20,"column":17}},"2":{"start":{"line":21,"column":4},"end":{"line":21,"column":49}},"3":{"start":{"line":25,"column":35},"end":{"line":25,"column":45}},"4":{"start":{"line":26,"column":4},"end":{"line":26,"column":27}},"5":{"start":{"line":27,"column":4},"end":{"line":27,"column":29}},"6":{"start":{"line":29,"column":4},"end":{"line":50,"column":5}},"7":{"start":{"line":30,"column":6},"end":{"line":49,"column":11}},"8":{"start":{"line":41,"column":26},"end":{"line":41,"column":41}},"9":{"start":{"line":43,"column":10},"end":{"line":45,"column":11}},"10":{"start":{"line":44,"column":12},"end":{"line":44,"column":51}},"11":{"start":{"line":48,"column":10},"end":{"line":48,"column":31}},"12":{"start":{"line":54,"column":4},"end":{"line":95,"column":6}},"13":{"start":{"line":61,"column":32},"end":{"line":61,"column":65}},"14":{"start":{"line":62,"column":33},"end":{"line":62,"column":59}},"15":{"start":{"line":74,"column":25},"end":{"line":74,"column":51}},"16":{"start":{"line":75,"column":33},"end":{"line":75,"column":59}},"17":{"start":{"line":76,"column":32},"end":{"line":76,"column":65}},"18":{"start":{"line":87,"column":27},"end":{"line":87,"column":67}},"19":{"start":{"line":99,"column":15},"end":{"line":136,"column":2}}},"fnMap":{"0":{"name":"(anonymous_0)","decl":{"start":{"line":19,"column":2},"end":{"line":19,"column":3}},"loc":{"start":{"line":19,"column":21},"end":{"line":22,"column":3}},"line":19},"1":{"name":"(anonymous_1)","decl":{"start":{"line":24,"column":2},"end":{"line":24,"column":3}},"loc":{"start":{"line":24,"column":15},"end":{"line":51,"column":3}},"line":24},"2":{"name":"(anonymous_2)","decl":{"start":{"line":41,"column":14},"end":{"line":41,"column":15}},"loc":{"start":{"line":41,"column":26},"end":{"line":41,"column":41}},"line":41},"3":{"name":"(anonymous_3)","decl":{"start":{"line":42,"column":14},"end":{"line":42,"column":15}},"loc":{"start":{"line":42,"column":30},"end":{"line":46,"column":9}},"line":42},"4":{"name":"(anonymous_4)","decl":{"start":{"line":47,"column":15},"end":{"line":47,"column":16}},"loc":{"start":{"line":47,"column":24},"end":{"line":49,"column":9}},"line":47},"5":{"name":"(anonymous_5)","decl":{"start":{"line":53,"column":2},"end":{"line":53,"column":3}},"loc":{"start":{"line":53,"column":11},"end":{"line":96,"column":3}},"line":53},"6":{"name":"(anonymous_6)","decl":{"start":{"line":61,"column":24},"end":{"line":61,"column":25}},"loc":{"start":{"line":61,"column":32},"end":{"line":61,"column":65}},"line":61},"7":{"name":"(anonymous_7)","decl":{"start":{"line":62,"column":27},"end":{"line":62,"column":28}},"loc":{"start":{"line":62,"column":33},"end":{"line":62,"column":59}},"line":62},"8":{"name":"(anonymous_8)","decl":{"start":{"line":74,"column":15},"end":{"line":74,"column":16}},"loc":{"start":{"line":74,"column":25},"end":{"line":74,"column":51}},"line":74},"9":{"name":"(anonymous_9)","decl":{"start":{"line":75,"column":27},"end":{"line":75,"column":28}},"loc":{"start":{"line":75,"column":33},"end":{"line":75,"column":59}},"line":75},"10":{"name":"(anonymous_10)","decl":{"start":{"line":76,"column":24},"end":{"line":76,"column":25}},"loc":{"start":{"line":76,"column":32},"end":{"line":76,"column":65}},"line":76},"11":{"name":"(anonymous_11)","decl":{"start":{"line":87,"column":21},"end":{"line":87,"column":22}},"loc":{"start":{"line":87,"column":27},"end":{"line":87,"column":67}},"line":87}},"branchMap":{"0":{"loc":{"start":{"line":29,"column":4},"end":{"line":50,"column":5}},"type":"if","locations":[{"start":{"line":29,"column":4},"end":{"line":50,"column":5}},{"start":{"line":29,"column":4},"end":{"line":50,"column":5}}],"line":29},"1":{"loc":{"start":{"line":29,"column":8},"end":{"line":29,"column":28}},"type":"binary-expr","locations":[{"start":{"line":29,"column":8},"end":{"line":29,"column":16}},{"start":{"line":29,"column":20},"end":{"line":29,"column":28}}],"line":29},"2":{"loc":{"start":{"line":43,"column":10},"end":{"line":45,"column":11}},"type":"if","locations":[{"start":{"line":43,"column":10},"end":{"line":45,"column":11}},{"start":{"line":43,"column":10},"end":{"line":45,"column":11}}],"line":43}},"s":{"0":2,"1":2,"2":2,"3":0,"4":0,"5":0,"6":0,"7":0,"8":0,"9":0,"10":0,"11":0,"12":2,"13":0,"14":0,"15":2,"16":0,"17":0,"18":0,"19":2},"f":{"0":2,"1":0,"2":0,"3":0,"4":0,"5":2,"6":0,"7":0,"8":2,"9":0,"10":0,"11":0},"b":{"0":[0,0],"1":[0,0],"2":[0,0]},"_coverageSchema":"1a1c01bbd47fc00a2c39e90264f33305004495a9","hash":"33a5ea140155c5453bc3272615df5e23b21ab4eb"}
,"/Users/nick/CSC308/FrontEnd/Hopsy/src/components/SearchableDropdown.js": {"path":"/Users/nick/CSC308/FrontEnd/Hopsy/src/components/SearchableDropdown.js","statementMap":{"0":{"start":{"line":11,"column":25},"end":{"line":14,"column":1}},"1":{"start":{"line":18,"column":4},"end":{"line":18,"column":17}},"2":{"start":{"line":19,"column":4},"end":{"line":19,"column":59}},"3":{"start":{"line":20,"column":4},"end":{"line":20,"column":57}},"4":{"start":{"line":21,"column":4},"end":{"line":21,"column":55}},"5":{"start":{"line":22,"column":4},"end":{"line":22,"column":51}},"6":{"start":{"line":24,"column":4},"end":{"line":28,"column":6}},"7":{"start":{"line":31,"column":19},"end":{"line":59,"column":3}},"8":{"start":{"line":32,"column":4},"end":{"line":58,"column":5}},"9":{"start":{"line":33,"column":28},"end":{"line":36,"column":7}},"10":{"start":{"line":37,"column":25},"end":{"line":47,"column":7}},"11":{"start":{"line":42,"column":53},"end":{"line":42,"column":69}},"12":{"start":{"line":45,"column":36},"end":{"line":45,"column":65}},"13":{"start":{"line":48,"column":6},"end":{"line":56,"column":9}},"14":{"start":{"line":49,"column":8},"end":{"line":55,"column":9}},"15":{"start":{"line":50,"column":10},"end":{"line":50,"column":41}},"16":{"start":{"line":52,"column":10},"end":{"line":54,"column":11}},"17":{"start":{"line":53,"column":12},"end":{"line":53,"column":44}},"18":{"start":{"line":57,"column":6},"end":{"line":57,"column":45}},"19":{"start":{"line":61,"column":22},"end":{"line":72,"column":3}},"20":{"start":{"line":62,"column":22},"end":{"line":62,"column":38}},"21":{"start":{"line":63,"column":25},"end":{"line":63,"column":48}},"22":{"start":{"line":64,"column":4},"end":{"line":71,"column":5}},"23":{"start":{"line":65,"column":6},"end":{"line":68,"column":9}},"24":{"start":{"line":70,"column":6},"end":{"line":70,"column":35}},"25":{"start":{"line":74,"column":18},"end":{"line":99,"column":3}},"26":{"start":{"line":75,"column":18},"end":{"line":75,"column":36}},"27":{"start":{"line":76,"column":4},"end":{"line":80,"column":5}},"28":{"start":{"line":77,"column":6},"end":{"line":79,"column":8}},"29":{"start":{"line":78,"column":8},"end":{"line":78,"column":80}},"30":{"start":{"line":81,"column":13},"end":{"line":83,"column":6}},"31":{"start":{"line":82,"column":6},"end":{"line":82,"column":41}},"32":{"start":{"line":84,"column":15},"end":{"line":87,"column":5}},"33":{"start":{"line":88,"column":4},"end":{"line":88,"column":49}},"34":{"start":{"line":90,"column":6},"end":{"line":93,"column":44}},"35":{"start":{"line":94,"column":4},"end":{"line":98,"column":5}},"36":{"start":{"line":95,"column":6},"end":{"line":97,"column":12}},"37":{"start":{"line":96,"column":8},"end":{"line":96,"column":35}},"38":{"start":{"line":101,"column":16},"end":{"line":186,"column":3}},"39":{"start":{"line":102,"column":4},"end":{"line":185,"column":5}},"40":{"start":{"line":107,"column":6},"end":{"line":159,"column":8}},"41":{"start":{"line":107,"column":52},"end":{"line":107,"column":72}},"42":{"start":{"line":125,"column":16},"end":{"line":127,"column":21}},"43":{"start":{"line":126,"column":18},"end":{"line":126,"column":55}},"44":{"start":{"line":146,"column":12},"end":{"line":146,"column":42}},"45":{"start":{"line":147,"column":12},"end":{"line":149,"column":18}},"46":{"start":{"line":148,"column":14},"end":{"line":148,"column":44}},"47":{"start":{"line":161,"column":6},"end":{"line":184,"column":8}},"48":{"start":{"line":165,"column":12},"end":{"line":165,"column":55}},"49":{"start":{"line":166,"column":12},"end":{"line":166,"column":31}},"50":{"start":{"line":167,"column":12},"end":{"line":173,"column":18}},"51":{"start":{"line":168,"column":14},"end":{"line":168,"column":44}},"52":{"start":{"line":169,"column":14},"end":{"line":172,"column":15}},"53":{"start":{"line":170,"column":16},"end":{"line":170,"column":72}},"54":{"start":{"line":171,"column":16},"end":{"line":171,"column":35}},"55":{"start":{"line":178,"column":45},"end":{"line":178,"column":61}},"56":{"start":{"line":188,"column":19},"end":{"line":190,"column":3}},"57":{"start":{"line":189,"column":4},"end":{"line":189,"column":33}},"58":{"start":{"line":192,"column":20},"end":{"line":252,"column":3}},"59":{"start":{"line":193,"column":27},"end":{"line":193,"column":59}},"60":{"start":{"line":194,"column":23},"end":{"line":237,"column":5}},"61":{"start":{"line":195,"column":31},"end":{"line":195,"column":45}},"62":{"start":{"line":199,"column":10},"end":{"line":199,"column":35}},"63":{"start":{"line":206,"column":10},"end":{"line":206,"column":53}},"64":{"start":{"line":207,"column":10},"end":{"line":211,"column":13}},"65":{"start":{"line":217,"column":10},"end":{"line":217,"column":51}},"66":{"start":{"line":218,"column":10},"end":{"line":218,"column":41}},"67":{"start":{"line":238,"column":4},"end":{"line":250,"column":7}},"68":{"start":{"line":239,"column":6},"end":{"line":249,"column":7}},"69":{"start":{"line":240,"column":8},"end":{"line":244,"column":9}},"70":{"start":{"line":241,"column":10},"end":{"line":241,"column":50}},"71":{"start":{"line":243,"column":10},"end":{"line":243,"column":42}},"72":{"start":{"line":246,"column":8},"end":{"line":248,"column":9}},"73":{"start":{"line":247,"column":10},"end":{"line":247,"column":50}},"74":{"start":{"line":251,"column":4},"end":{"line":251,"column":45}},"75":{"start":{"line":254,"column":11},"end":{"line":265,"column":3}},"76":{"start":{"line":255,"column":4},"end":{"line":264,"column":6}},"77":{"start":{"line":267,"column":16},"end":{"line":267,"column":40}},"78":{"start":{"line":268,"column":4},"end":{"line":323,"column":5}},"79":{"start":{"line":274,"column":6},"end":{"line":322,"column":8}},"80":{"start":{"line":284,"column":12},"end":{"line":319,"column":14}},"81":{"start":{"line":302,"column":20},"end":{"line":304,"column":25}},"82":{"start":{"line":303,"column":22},"end":{"line":303,"column":59}}},"fnMap":{"0":{"name":"(anonymous_0)","decl":{"start":{"line":17,"column":2},"end":{"line":17,"column":3}},"loc":{"start":{"line":17,"column":21},"end":{"line":29,"column":3}},"line":17},"1":{"name":"(anonymous_1)","decl":{"start":{"line":31,"column":19},"end":{"line":31,"column":20}},"loc":{"start":{"line":31,"column":25},"end":{"line":59,"column":3}},"line":31},"2":{"name":"(anonymous_2)","decl":{"start":{"line":42,"column":36},"end":{"line":42,"column":37}},"loc":{"start":{"line":42,"column":53},"end":{"line":42,"column":69}},"line":42},"3":{"name":"(anonymous_3)","decl":{"start":{"line":45,"column":15},"end":{"line":45,"column":16}},"loc":{"start":{"line":45,"column":36},"end":{"line":45,"column":65}},"line":45},"4":{"name":"(anonymous_4)","decl":{"start":{"line":48,"column":25},"end":{"line":48,"column":26}},"loc":{"start":{"line":48,"column":31},"end":{"line":56,"column":7}},"line":48},"5":{"name":"(anonymous_5)","decl":{"start":{"line":61,"column":22},"end":{"line":61,"column":23}},"loc":{"start":{"line":61,"column":28},"end":{"line":72,"column":3}},"line":61},"6":{"name":"(anonymous_6)","decl":{"start":{"line":74,"column":18},"end":{"line":74,"column":19}},"loc":{"start":{"line":74,"column":34},"end":{"line":99,"column":3}},"line":74},"7":{"name":"(anonymous_7)","decl":{"start":{"line":77,"column":16},"end":{"line":77,"column":17}},"loc":{"start":{"line":77,"column":40},"end":{"line":79,"column":7}},"line":77},"8":{"name":"(anonymous_8)","decl":{"start":{"line":81,"column":37},"end":{"line":81,"column":38}},"loc":{"start":{"line":81,"column":45},"end":{"line":83,"column":5}},"line":81},"9":{"name":"(anonymous_9)","decl":{"start":{"line":95,"column":17},"end":{"line":95,"column":18}},"loc":{"start":{"line":95,"column":23},"end":{"line":97,"column":7}},"line":95},"10":{"name":"(anonymous_10)","decl":{"start":{"line":101,"column":16},"end":{"line":101,"column":17}},"loc":{"start":{"line":101,"column":33},"end":{"line":186,"column":3}},"line":101},"11":{"name":"(anonymous_11)","decl":{"start":{"line":107,"column":43},"end":{"line":107,"column":44}},"loc":{"start":{"line":107,"column":52},"end":{"line":107,"column":72}},"line":107},"12":{"name":"(anonymous_12)","decl":{"start":{"line":124,"column":23},"end":{"line":124,"column":24}},"loc":{"start":{"line":125,"column":16},"end":{"line":127,"column":21}},"line":125},"13":{"name":"(anonymous_13)","decl":{"start":{"line":125,"column":27},"end":{"line":125,"column":28}},"loc":{"start":{"line":125,"column":33},"end":{"line":127,"column":17}},"line":125},"14":{"name":"(anonymous_14)","decl":{"start":{"line":145,"column":19},"end":{"line":145,"column":20}},"loc":{"start":{"line":145,"column":25},"end":{"line":150,"column":11}},"line":145},"15":{"name":"(anonymous_15)","decl":{"start":{"line":147,"column":23},"end":{"line":147,"column":24}},"loc":{"start":{"line":147,"column":29},"end":{"line":149,"column":13}},"line":147},"16":{"name":"(anonymous_16)","decl":{"start":{"line":164,"column":19},"end":{"line":164,"column":20}},"loc":{"start":{"line":164,"column":25},"end":{"line":174,"column":11}},"line":164},"17":{"name":"(anonymous_17)","decl":{"start":{"line":167,"column":23},"end":{"line":167,"column":24}},"loc":{"start":{"line":167,"column":29},"end":{"line":173,"column":13}},"line":167},"18":{"name":"(anonymous_18)","decl":{"start":{"line":178,"column":40},"end":{"line":178,"column":41}},"loc":{"start":{"line":178,"column":45},"end":{"line":178,"column":61}},"line":178},"19":{"name":"(anonymous_19)","decl":{"start":{"line":188,"column":19},"end":{"line":188,"column":20}},"loc":{"start":{"line":188,"column":25},"end":{"line":190,"column":3}},"line":188},"20":{"name":"(anonymous_20)","decl":{"start":{"line":192,"column":20},"end":{"line":192,"column":21}},"loc":{"start":{"line":192,"column":26},"end":{"line":252,"column":3}},"line":192},"21":{"name":"(anonymous_21)","decl":{"start":{"line":195,"column":25},"end":{"line":195,"column":26}},"loc":{"start":{"line":195,"column":31},"end":{"line":195,"column":45}},"line":195},"22":{"name":"(anonymous_22)","decl":{"start":{"line":198,"column":13},"end":{"line":198,"column":14}},"loc":{"start":{"line":198,"column":21},"end":{"line":200,"column":9}},"line":198},"23":{"name":"(anonymous_23)","decl":{"start":{"line":205,"column":13},"end":{"line":205,"column":14}},"loc":{"start":{"line":205,"column":19},"end":{"line":212,"column":9}},"line":205},"24":{"name":"(anonymous_24)","decl":{"start":{"line":216,"column":13},"end":{"line":216,"column":14}},"loc":{"start":{"line":216,"column":19},"end":{"line":219,"column":9}},"line":216},"25":{"name":"(anonymous_25)","decl":{"start":{"line":238,"column":23},"end":{"line":238,"column":24}},"loc":{"start":{"line":238,"column":29},"end":{"line":250,"column":5}},"line":238},"26":{"name":"(anonymous_26)","decl":{"start":{"line":254,"column":11},"end":{"line":254,"column":12}},"loc":{"start":{"line":254,"column":17},"end":{"line":265,"column":3}},"line":254},"27":{"name":"(anonymous_27)","decl":{"start":{"line":266,"column":2},"end":{"line":266,"column":3}},"loc":{"start":{"line":266,"column":24},"end":{"line":324,"column":3}},"line":266},"28":{"name":"(anonymous_28)","decl":{"start":{"line":283,"column":21},"end":{"line":283,"column":22}},"loc":{"start":{"line":283,"column":38},"end":{"line":320,"column":11}},"line":283},"29":{"name":"(anonymous_29)","decl":{"start":{"line":301,"column":27},"end":{"line":301,"column":28}},"loc":{"start":{"line":302,"column":20},"end":{"line":304,"column":25}},"line":302},"30":{"name":"(anonymous_30)","decl":{"start":{"line":302,"column":31},"end":{"line":302,"column":32}},"loc":{"start":{"line":302,"column":37},"end":{"line":304,"column":21}},"line":302}},"branchMap":{"0":{"loc":{"start":{"line":32,"column":4},"end":{"line":58,"column":5}},"type":"if","locations":[{"start":{"line":32,"column":4},"end":{"line":58,"column":5}},{"start":{"line":32,"column":4},"end":{"line":58,"column":5}}],"line":32},"1":{"loc":{"start":{"line":49,"column":8},"end":{"line":55,"column":9}},"type":"if","locations":[{"start":{"line":49,"column":8},"end":{"line":55,"column":9}},{"start":{"line":49,"column":8},"end":{"line":55,"column":9}}],"line":49},"2":{"loc":{"start":{"line":52,"column":10},"end":{"line":54,"column":11}},"type":"if","locations":[{"start":{"line":52,"column":10},"end":{"line":54,"column":11}},{"start":{"line":52,"column":10},"end":{"line":54,"column":11}}],"line":52},"3":{"loc":{"start":{"line":64,"column":4},"end":{"line":71,"column":5}},"type":"if","locations":[{"start":{"line":64,"column":4},"end":{"line":71,"column":5}},{"start":{"line":64,"column":4},"end":{"line":71,"column":5}}],"line":64},"4":{"loc":{"start":{"line":64,"column":8},"end":{"line":64,"column":55}},"type":"binary-expr","locations":[{"start":{"line":64,"column":8},"end":{"line":64,"column":20}},{"start":{"line":64,"column":24},"end":{"line":64,"column":55}}],"line":64},"5":{"loc":{"start":{"line":76,"column":4},"end":{"line":80,"column":5}},"type":"if","locations":[{"start":{"line":76,"column":4},"end":{"line":80,"column":5}},{"start":{"line":76,"column":4},"end":{"line":80,"column":5}}],"line":76},"6":{"loc":{"start":{"line":76,"column":8},"end":{"line":76,"column":49}},"type":"binary-expr","locations":[{"start":{"line":76,"column":8},"end":{"line":76,"column":16}},{"start":{"line":76,"column":20},"end":{"line":76,"column":49}}],"line":76},"7":{"loc":{"start":{"line":90,"column":6},"end":{"line":93,"column":44}},"type":"binary-expr","locations":[{"start":{"line":90,"column":6},"end":{"line":90,"column":29}},{"start":{"line":91,"column":6},"end":{"line":91,"column":44}},{"start":{"line":92,"column":6},"end":{"line":92,"column":29}},{"start":{"line":93,"column":6},"end":{"line":93,"column":44}}],"line":90},"8":{"loc":{"start":{"line":94,"column":4},"end":{"line":98,"column":5}},"type":"if","locations":[{"start":{"line":94,"column":4},"end":{"line":98,"column":5}},{"start":{"line":94,"column":4},"end":{"line":98,"column":5}}],"line":94},"9":{"loc":{"start":{"line":94,"column":8},"end":{"line":94,"column":58}},"type":"binary-expr","locations":[{"start":{"line":94,"column":8},"end":{"line":94,"column":20}},{"start":{"line":94,"column":24},"end":{"line":94,"column":58}}],"line":94},"10":{"loc":{"start":{"line":102,"column":4},"end":{"line":185,"column":5}},"type":"if","locations":[{"start":{"line":102,"column":4},"end":{"line":185,"column":5}},{"start":{"line":102,"column":4},"end":{"line":185,"column":5}}],"line":102},"11":{"loc":{"start":{"line":103,"column":6},"end":{"line":105,"column":41}},"type":"binary-expr","locations":[{"start":{"line":103,"column":6},"end":{"line":103,"column":22}},{"start":{"line":104,"column":6},"end":{"line":104,"column":30}},{"start":{"line":105,"column":6},"end":{"line":105,"column":41}}],"line":103},"12":{"loc":{"start":{"line":107,"column":13},"end":{"line":159,"column":7}},"type":"cond-expr","locations":[{"start":{"line":108,"column":8},"end":{"line":142,"column":27}},{"start":{"line":144,"column":8},"end":{"line":158,"column":27}}],"line":107},"13":{"loc":{"start":{"line":169,"column":14},"end":{"line":172,"column":15}},"type":"if","locations":[{"start":{"line":169,"column":14},"end":{"line":172,"column":15}},{"start":{"line":169,"column":14},"end":{"line":172,"column":15}}],"line":169},"14":{"loc":{"start":{"line":176,"column":11},"end":{"line":182,"column":11}},"type":"cond-expr","locations":[{"start":{"line":179,"column":12},"end":{"line":179,"column":63}},{"start":{"line":181,"column":12},"end":{"line":181,"column":63}}],"line":176},"15":{"loc":{"start":{"line":176,"column":11},"end":{"line":178,"column":62}},"type":"binary-expr","locations":[{"start":{"line":176,"column":11},"end":{"line":176,"column":35}},{"start":{"line":177,"column":10},"end":{"line":177,"column":45}},{"start":{"line":178,"column":10},"end":{"line":178,"column":62}}],"line":176},"16":{"loc":{"start":{"line":206,"column":10},"end":{"line":206,"column":52}},"type":"binary-expr","locations":[{"start":{"line":206,"column":10},"end":{"line":206,"column":28}},{"start":{"line":206,"column":32},"end":{"line":206,"column":52}}],"line":206},"17":{"loc":{"start":{"line":217,"column":10},"end":{"line":217,"column":50}},"type":"binary-expr","locations":[{"start":{"line":217,"column":10},"end":{"line":217,"column":27}},{"start":{"line":217,"column":31},"end":{"line":217,"column":50}}],"line":217},"18":{"loc":{"start":{"line":239,"column":6},"end":{"line":249,"column":7}},"type":"if","locations":[{"start":{"line":239,"column":6},"end":{"line":249,"column":7}},{"start":{"line":239,"column":6},"end":{"line":249,"column":7}}],"line":239},"19":{"loc":{"start":{"line":240,"column":8},"end":{"line":244,"column":9}},"type":"if","locations":[{"start":{"line":240,"column":8},"end":{"line":244,"column":9}},{"start":{"line":240,"column":8},"end":{"line":244,"column":9}}],"line":240},"20":{"loc":{"start":{"line":240,"column":12},"end":{"line":240,"column":66}},"type":"binary-expr","locations":[{"start":{"line":240,"column":12},"end":{"line":240,"column":37}},{"start":{"line":240,"column":41},"end":{"line":240,"column":66}}],"line":240},"21":{"loc":{"start":{"line":246,"column":8},"end":{"line":248,"column":9}},"type":"if","locations":[{"start":{"line":246,"column":8},"end":{"line":248,"column":9}},{"start":{"line":246,"column":8},"end":{"line":248,"column":9}}],"line":246},"22":{"loc":{"start":{"line":246,"column":12},"end":{"line":246,"column":66}},"type":"binary-expr","locations":[{"start":{"line":246,"column":12},"end":{"line":246,"column":37}},{"start":{"line":246,"column":41},"end":{"line":246,"column":66}}],"line":246},"23":{"loc":{"start":{"line":268,"column":4},"end":{"line":323,"column":5}},"type":"if","locations":[{"start":{"line":268,"column":4},"end":{"line":323,"column":5}},{"start":{"line":268,"column":4},"end":{"line":323,"column":5}}],"line":268},"24":{"loc":{"start":{"line":269,"column":6},"end":{"line":272,"column":22}},"type":"binary-expr","locations":[{"start":{"line":269,"column":6},"end":{"line":269,"column":25}},{"start":{"line":270,"column":6},"end":{"line":270,"column":22}},{"start":{"line":271,"column":6},"end":{"line":271,"column":21}},{"start":{"line":272,"column":6},"end":{"line":272,"column":22}}],"line":269}},"s":{"0":4,"1":4,"2":4,"3":4,"4":4,"5":4,"6":4,"7":4,"8":8,"9":0,"10":0,"11":0,"12":0,"13":0,"14":0,"15":0,"16":0,"17":0,"18":0,"19":4,"20":4,"21":4,"22":4,"23":4,"24":0,"25":4,"26":0,"27":0,"28":0,"29":0,"30":0,"31":0,"32":0,"33":0,"34":0,"35":0,"36":0,"37":0,"38":4,"39":0,"40":0,"41":0,"42":0,"43":0,"44":0,"45":0,"46":0,"47":0,"48":0,"49":0,"50":0,"51":0,"52":0,"53":0,"54":0,"55":0,"56":4,"57":8,"58":4,"59":8,"60":8,"61":12,"62":0,"63":0,"64":0,"65":0,"66":0,"67":8,"68":72,"69":48,"70":8,"71":40,"72":24,"73":0,"74":8,"75":4,"76":8,"77":8,"78":8,"79":0,"80":0,"81":0,"82":0},"f":{"0":4,"1":8,"2":0,"3":0,"4":0,"5":4,"6":0,"7":0,"8":0,"9":0,"10":0,"11":0,"12":0,"13":0,"14":0,"15":0,"16":0,"17":0,"18":0,"19":8,"20":8,"21":12,"22":0,"23":0,"24":0,"25":72,"26":8,"27":8,"28":0,"29":0,"30":0},"b":{"0":[0,8],"1":[0,0],"2":[0,0],"3":[4,0],"4":[4,4],"5":[0,0],"6":[0,0],"7":[0,0,0,0],"8":[0,0],"9":[0,0],"10":[0,0],"11":[0,0,0],"12":[0,0],"13":[0,0],"14":[0,0],"15":[0,0,0],"16":[0,0],"17":[0,0],"18":[48,24],"19":[8,40],"20":[48,40],"21":[0,24],"22":[24,24],"23":[0,8],"24":[8,4,0,0]},"_coverageSchema":"1a1c01bbd47fc00a2c39e90264f33305004495a9","hash":"589d26b56b86844c48b5591a6b30493650e070e8"}
,"/Users/nick/CSC308/FrontEnd/Hopsy/src/components/SegmentedControls.js": {"path":"/Users/nick/CSC308/FrontEnd/Hopsy/src/components/SegmentedControls.js","statementMap":{"0":{"start":{"line":6,"column":59},"end":{"line":6,"column":70}},"1":{"start":{"line":10,"column":19},"end":{"line":10,"column":35}},"2":{"start":{"line":12,"column":4},"end":{"line":18,"column":6}},"3":{"start":{"line":22,"column":17},"end":{"line":22,"column":49}},"4":{"start":{"line":23,"column":21},"end":{"line":23,"column":61}},"5":{"start":{"line":24,"column":19},"end":{"line":31,"column":5}},"6":{"start":{"line":33,"column":4},"end":{"line":37,"column":6}},"7":{"start":{"line":41,"column":29},"end":{"line":47,"column":5}},"8":{"start":{"line":49,"column":4},"end":{"line":49,"column":67}},"9":{"start":{"line":51,"column":27},"end":{"line":51,"column":74}},"10":{"start":{"line":53,"column":4},"end":{"line":53,"column":57}},"11":{"start":{"line":57,"column":21},"end":{"line":57,"column":49}},"12":{"start":{"line":59,"column":26},"end":{"line":61,"column":5}},"13":{"start":{"line":63,"column":28},"end":{"line":69,"column":5}},"14":{"start":{"line":71,"column":30},"end":{"line":77,"column":5}},"15":{"start":{"line":79,"column":22},"end":{"line":81,"column":30}},"16":{"start":{"line":82,"column":20},"end":{"line":82,"column":40}},"17":{"start":{"line":83,"column":37},"end":{"line":91,"column":5}},"18":{"start":{"line":94,"column":6},"end":{"line":102,"column":11}},"19":{"start":{"line":104,"column":27},"end":{"line":104,"column":67}},"20":{"start":{"line":106,"column":60},"end":{"line":106,"column":66}},"21":{"start":{"line":110,"column":4},"end":{"line":151,"column":5}},"22":{"start":{"line":111,"column":35},"end":{"line":111,"column":79}},"23":{"start":{"line":112,"column":6},"end":{"line":150,"column":7}},"24":{"start":{"line":113,"column":8},"end":{"line":135,"column":9}},"25":{"start":{"line":114,"column":10},"end":{"line":123,"column":18}},"26":{"start":{"line":124,"column":15},"end":{"line":135,"column":9}},"27":{"start":{"line":125,"column":10},"end":{"line":134,"column":18}},"28":{"start":{"line":136,"column":8},"end":{"line":147,"column":9}},"29":{"start":{"line":137,"column":10},"end":{"line":146,"column":18}},"30":{"start":{"line":149,"column":8},"end":{"line":149,"column":67}},"31":{"start":{"line":153,"column":22},"end":{"line":153,"column":68}},"32":{"start":{"line":155,"column":18},"end":{"line":157,"column":14}},"33":{"start":{"line":160,"column":22},"end":{"line":160,"column":74}},"34":{"start":{"line":162,"column":4},"end":{"line":184,"column":6}},"35":{"start":{"line":188,"column":17},"end":{"line":188,"column":26}},"36":{"start":{"line":189,"column":18},"end":{"line":189,"column":27}},"37":{"start":{"line":191,"column":17},"end":{"line":210,"column":1}}},"fnMap":{"0":{"name":"(anonymous_0)","decl":{"start":{"line":9,"column":2},"end":{"line":9,"column":3}},"loc":{"start":{"line":9,"column":11},"end":{"line":19,"column":3}},"line":9},"1":{"name":"(anonymous_1)","decl":{"start":{"line":21,"column":2},"end":{"line":21,"column":3}},"loc":{"start":{"line":21,"column":14},"end":{"line":38,"column":3}},"line":21},"2":{"name":"(anonymous_2)","decl":{"start":{"line":40,"column":2},"end":{"line":40,"column":3}},"loc":{"start":{"line":40,"column":35},"end":{"line":54,"column":3}},"line":40},"3":{"name":"(anonymous_3)","decl":{"start":{"line":56,"column":2},"end":{"line":56,"column":3}},"loc":{"start":{"line":56,"column":58},"end":{"line":185,"column":3}},"line":56}},"branchMap":{"0":{"loc":{"start":{"line":22,"column":17},"end":{"line":22,"column":49}},"type":"binary-expr","locations":[{"start":{"line":22,"column":17},"end":{"line":22,"column":32}},{"start":{"line":22,"column":36},"end":{"line":22,"column":49}}],"line":22},"1":{"loc":{"start":{"line":23,"column":21},"end":{"line":23,"column":61}},"type":"binary-expr","locations":[{"start":{"line":23,"column":21},"end":{"line":23,"column":40}},{"start":{"line":23,"column":44},"end":{"line":23,"column":61}}],"line":23},"2":{"loc":{"start":{"line":79,"column":22},"end":{"line":81,"column":30}},"type":"cond-expr","locations":[{"start":{"line":80,"column":8},"end":{"line":80,"column":38}},{"start":{"line":81,"column":8},"end":{"line":81,"column":30}}],"line":79},"3":{"loc":{"start":{"line":82,"column":20},"end":{"line":82,"column":40}},"type":"cond-expr","locations":[{"start":{"line":82,"column":31},"end":{"line":82,"column":34}},{"start":{"line":82,"column":37},"end":{"line":82,"column":40}}],"line":82},"4":{"loc":{"start":{"line":90,"column":6},"end":{"line":90,"column":47}},"type":"binary-expr","locations":[{"start":{"line":90,"column":6},"end":{"line":90,"column":32}},{"start":{"line":90,"column":36},"end":{"line":90,"column":47}}],"line":90},"5":{"loc":{"start":{"line":94,"column":6},"end":{"line":102,"column":11}},"type":"cond-expr","locations":[{"start":{"line":95,"column":10},"end":{"line":98,"column":11}},{"start":{"line":99,"column":10},"end":{"line":102,"column":11}}],"line":94},"6":{"loc":{"start":{"line":110,"column":4},"end":{"line":151,"column":5}},"type":"if","locations":[{"start":{"line":110,"column":4},"end":{"line":151,"column":5}},{"start":{"line":110,"column":4},"end":{"line":151,"column":5}}],"line":110},"7":{"loc":{"start":{"line":110,"column":8},"end":{"line":110,"column":58}},"type":"binary-expr","locations":[{"start":{"line":110,"column":8},"end":{"line":110,"column":33}},{"start":{"line":110,"column":37},"end":{"line":110,"column":58}}],"line":110},"8":{"loc":{"start":{"line":112,"column":6},"end":{"line":150,"column":7}},"type":"if","locations":[{"start":{"line":112,"column":6},"end":{"line":150,"column":7}},{"start":{"line":112,"column":6},"end":{"line":150,"column":7}}],"line":112},"9":{"loc":{"start":{"line":113,"column":8},"end":{"line":135,"column":9}},"type":"if","locations":[{"start":{"line":113,"column":8},"end":{"line":135,"column":9}},{"start":{"line":113,"column":8},"end":{"line":135,"column":9}}],"line":113},"10":{"loc":{"start":{"line":115,"column":12},"end":{"line":123,"column":17}},"type":"cond-expr","locations":[{"start":{"line":116,"column":16},"end":{"line":119,"column":17}},{"start":{"line":120,"column":16},"end":{"line":123,"column":17}}],"line":115},"11":{"loc":{"start":{"line":124,"column":15},"end":{"line":135,"column":9}},"type":"if","locations":[{"start":{"line":124,"column":15},"end":{"line":135,"column":9}},{"start":{"line":124,"column":15},"end":{"line":135,"column":9}}],"line":124},"12":{"loc":{"start":{"line":126,"column":12},"end":{"line":134,"column":17}},"type":"cond-expr","locations":[{"start":{"line":127,"column":16},"end":{"line":130,"column":17}},{"start":{"line":131,"column":16},"end":{"line":134,"column":17}}],"line":126},"13":{"loc":{"start":{"line":136,"column":8},"end":{"line":147,"column":9}},"type":"if","locations":[{"start":{"line":136,"column":8},"end":{"line":147,"column":9}},{"start":{"line":136,"column":8},"end":{"line":147,"column":9}}],"line":136},"14":{"loc":{"start":{"line":138,"column":12},"end":{"line":146,"column":17}},"type":"cond-expr","locations":[{"start":{"line":139,"column":16},"end":{"line":142,"column":17}},{"start":{"line":143,"column":16},"end":{"line":146,"column":17}}],"line":138},"15":{"loc":{"start":{"line":153,"column":22},"end":{"line":153,"column":68}},"type":"cond-expr","locations":[{"start":{"line":153,"column":33},"end":{"line":153,"column":50}},{"start":{"line":153,"column":53},"end":{"line":153,"column":68}}],"line":153},"16":{"loc":{"start":{"line":155,"column":18},"end":{"line":157,"column":14}},"type":"cond-expr","locations":[{"start":{"line":156,"column":8},"end":{"line":156,"column":38}},{"start":{"line":157,"column":8},"end":{"line":157,"column":14}}],"line":155},"17":{"loc":{"start":{"line":160,"column":22},"end":{"line":160,"column":74}},"type":"cond-expr","locations":[{"start":{"line":160,"column":62},"end":{"line":160,"column":67}},{"start":{"line":160,"column":70},"end":{"line":160,"column":74}}],"line":160},"18":{"loc":{"start":{"line":170,"column":12},"end":{"line":170,"column":65}},"type":"cond-expr","locations":[{"start":{"line":170,"column":24},"end":{"line":170,"column":38}},{"start":{"line":170,"column":41},"end":{"line":170,"column":65}}],"line":170},"19":{"loc":{"start":{"line":175,"column":11},"end":{"line":181,"column":11}},"type":"cond-expr","locations":[{"start":{"line":176,"column":12},"end":{"line":176,"column":64}},{"start":{"line":178,"column":12},"end":{"line":180,"column":19}}],"line":175}},"s":{"0":4,"1":6,"2":6,"3":6,"4":6,"5":6,"6":6,"7":6,"8":6,"9":6,"10":6,"11":30,"12":30,"13":30,"14":30,"15":30,"16":30,"17":30,"18":30,"19":30,"20":30,"21":30,"22":15,"23":15,"24":15,"25":3,"26":12,"27":3,"28":15,"29":3,"30":0,"31":30,"32":30,"33":30,"34":30,"35":4,"36":4,"37":4},"f":{"0":6,"1":6,"2":6,"3":30},"b":{"0":[6,0],"1":[6,0],"2":[0,30],"3":[0,30],"4":[30,30],"5":[30,0],"6":[15,15],"7":[30,15],"8":[15,0],"9":[3,12],"10":[3,0],"11":[3,9],"12":[3,0],"13":[3,12],"14":[3,0],"15":[0,30],"16":[0,30],"17":[30,0],"18":[24,6],"19":[0,30]},"_coverageSchema":"1a1c01bbd47fc00a2c39e90264f33305004495a9","hash":"70d43a6da41798cb9e0641c61ba873e0e3cd8abd"}
,"/Users/nick/CSC308/FrontEnd/Hopsy/src/components/SignUpForm.js": {"path":"/Users/nick/CSC308/FrontEnd/Hopsy/src/components/SignUpForm.js","statementMap":{"0":{"start":{"line":14,"column":10},"end":{"line":18,"column":3}},"1":{"start":{"line":21,"column":4},"end":{"line":21,"column":17}},"2":{"start":{"line":22,"column":4},"end":{"line":22,"column":49}},"3":{"start":{"line":26,"column":45},"end":{"line":26,"column":55}},"4":{"start":{"line":27,"column":4},"end":{"line":27,"column":27}},"5":{"start":{"line":29,"column":4},"end":{"line":40,"column":7}},"6":{"start":{"line":44,"column":4},"end":{"line":89,"column":6}},"7":{"start":{"line":51,"column":25},"end":{"line":51,"column":51}},"8":{"start":{"line":52,"column":32},"end":{"line":52,"column":65}},"9":{"start":{"line":53,"column":33},"end":{"line":53,"column":56}},"10":{"start":{"line":62,"column":25},"end":{"line":62,"column":48}},"11":{"start":{"line":63,"column":32},"end":{"line":63,"column":65}},"12":{"start":{"line":64,"column":33},"end":{"line":64,"column":59}},"13":{"start":{"line":76,"column":25},"end":{"line":76,"column":51}},"14":{"start":{"line":77,"column":33},"end":{"line":77,"column":59}},"15":{"start":{"line":78,"column":32},"end":{"line":78,"column":65}},"16":{"start":{"line":83,"column":12},"end":{"line":83,"column":30}},"17":{"start":{"line":84,"column":12},"end":{"line":84,"column":57}},"18":{"start":{"line":93,"column":0},"end":{"line":95,"column":2}},"19":{"start":{"line":131,"column":15},"end":{"line":161,"column":2}}},"fnMap":{"0":{"name":"(anonymous_0)","decl":{"start":{"line":20,"column":2},"end":{"line":20,"column":3}},"loc":{"start":{"line":20,"column":21},"end":{"line":23,"column":3}},"line":20},"1":{"name":"(anonymous_1)","decl":{"start":{"line":25,"column":2},"end":{"line":25,"column":3}},"loc":{"start":{"line":25,"column":15},"end":{"line":41,"column":3}},"line":25},"2":{"name":"(anonymous_2)","decl":{"start":{"line":43,"column":2},"end":{"line":43,"column":3}},"loc":{"start":{"line":43,"column":11},"end":{"line":90,"column":3}},"line":43},"3":{"name":"(anonymous_3)","decl":{"start":{"line":51,"column":15},"end":{"line":51,"column":16}},"loc":{"start":{"line":51,"column":25},"end":{"line":51,"column":51}},"line":51},"4":{"name":"(anonymous_4)","decl":{"start":{"line":52,"column":24},"end":{"line":52,"column":25}},"loc":{"start":{"line":52,"column":32},"end":{"line":52,"column":65}},"line":52},"5":{"name":"(anonymous_5)","decl":{"start":{"line":53,"column":27},"end":{"line":53,"column":28}},"loc":{"start":{"line":53,"column":33},"end":{"line":53,"column":56}},"line":53},"6":{"name":"(anonymous_6)","decl":{"start":{"line":62,"column":15},"end":{"line":62,"column":16}},"loc":{"start":{"line":62,"column":25},"end":{"line":62,"column":48}},"line":62},"7":{"name":"(anonymous_7)","decl":{"start":{"line":63,"column":24},"end":{"line":63,"column":25}},"loc":{"start":{"line":63,"column":32},"end":{"line":63,"column":65}},"line":63},"8":{"name":"(anonymous_8)","decl":{"start":{"line":64,"column":27},"end":{"line":64,"column":28}},"loc":{"start":{"line":64,"column":33},"end":{"line":64,"column":59}},"line":64},"9":{"name":"(anonymous_9)","decl":{"start":{"line":76,"column":15},"end":{"line":76,"column":16}},"loc":{"start":{"line":76,"column":25},"end":{"line":76,"column":51}},"line":76},"10":{"name":"(anonymous_10)","decl":{"start":{"line":77,"column":27},"end":{"line":77,"column":28}},"loc":{"start":{"line":77,"column":33},"end":{"line":77,"column":59}},"line":77},"11":{"name":"(anonymous_11)","decl":{"start":{"line":78,"column":24},"end":{"line":78,"column":25}},"loc":{"start":{"line":78,"column":32},"end":{"line":78,"column":65}},"line":78},"12":{"name":"(anonymous_12)","decl":{"start":{"line":82,"column":19},"end":{"line":82,"column":20}},"loc":{"start":{"line":82,"column":25},"end":{"line":85,"column":11}},"line":82}},"branchMap":{},"s":{"0":4,"1":4,"2":4,"3":0,"4":0,"5":0,"6":4,"7":4,"8":0,"9":0,"10":4,"11":0,"12":0,"13":4,"14":0,"15":0,"16":0,"17":0,"18":4,"19":4},"f":{"0":4,"1":0,"2":4,"3":4,"4":0,"5":0,"6":4,"7":0,"8":0,"9":4,"10":0,"11":0,"12":0},"b":{},"_coverageSchema":"1a1c01bbd47fc00a2c39e90264f33305004495a9","hash":"4cb882d9587c05de71ac12b4d5f0773bb7b5383b"}
,"/Users/nick/CSC308/FrontEnd/Hopsy/src/components/ProfilePage/HorizontalList.js": {"path":"/Users/nick/CSC308/FrontEnd/Hopsy/src/components/ProfilePage/HorizontalList.js","statementMap":{"0":{"start":{"line":6,"column":4},"end":{"line":17,"column":6}},"1":{"start":{"line":22,"column":15},"end":{"line":44,"column":2}}},"fnMap":{"0":{"name":"(anonymous_0)","decl":{"start":{"line":5,"column":2},"end":{"line":5,"column":3}},"loc":{"start":{"line":5,"column":11},"end":{"line":18,"column":3}},"line":5}},"branchMap":{},"s":{"0":12,"1":4},"f":{"0":12},"b":{},"_coverageSchema":"1a1c01bbd47fc00a2c39e90264f33305004495a9","hash":"9f580de087b28cd9b1838da352e72809767d0736"}
,"/Users/nick/CSC308/FrontEnd/Hopsy/src/screens/AgeVerificationScreen.js": {"path":"/Users/nick/CSC308/FrontEnd/Hopsy/src/screens/AgeVerificationScreen.js","statementMap":{"0":{"start":{"line":7,"column":15},"end":{"line":7,"column":39}},"1":{"start":{"line":8,"column":21},"end":{"line":8,"column":34}},"2":{"start":{"line":9,"column":20},"end":{"line":9,"column":32}},"3":{"start":{"line":12,"column":10},"end":{"line":14,"column":3}},"4":{"start":{"line":16,"column":4},"end":{"line":16,"column":17}},"5":{"start":{"line":17,"column":4},"end":{"line":17,"column":49}},"6":{"start":{"line":20,"column":15},"end":{"line":23,"column":3}},"7":{"start":{"line":21,"column":4},"end":{"line":21,"column":50}},"8":{"start":{"line":22,"column":4},"end":{"line":22,"column":43}},"9":{"start":{"line":25,"column":15},"end":{"line":35,"column":3}},"10":{"start":{"line":26,"column":4},"end":{"line":34,"column":5}},"11":{"start":{"line":27,"column":6},"end":{"line":33,"column":7}},"12":{"start":{"line":28,"column":8},"end":{"line":30,"column":11}},"13":{"start":{"line":29,"column":10},"end":{"line":29,"column":44}},"14":{"start":{"line":32,"column":8},"end":{"line":32,"column":27}},"15":{"start":{"line":38,"column":4},"end":{"line":41,"column":5}},"16":{"start":{"line":39,"column":6},"end":{"line":39,"column":39}},"17":{"start":{"line":40,"column":6},"end":{"line":40,"column":24}},"18":{"start":{"line":45,"column":4},"end":{"line":45,"column":25}},"19":{"start":{"line":49,"column":24},"end":{"line":49,"column":34}},"20":{"start":{"line":50,"column":4},"end":{"line":58,"column":5}},"21":{"start":{"line":51,"column":6},"end":{"line":55,"column":9}},"22":{"start":{"line":52,"column":8},"end":{"line":54,"column":9}},"23":{"start":{"line":53,"column":10},"end":{"line":53,"column":49}},"24":{"start":{"line":57,"column":6},"end":{"line":57,"column":25}},"25":{"start":{"line":59,"column":4},"end":{"line":88,"column":5}},"26":{"start":{"line":60,"column":6},"end":{"line":60,"column":18}},"27":{"start":{"line":62,"column":6},"end":{"line":87,"column":8}},"28":{"start":{"line":82,"column":29},"end":{"line":82,"column":71}},"29":{"start":{"line":92,"column":0},"end":{"line":94,"column":2}},"30":{"start":{"line":98,"column":15},"end":{"line":168,"column":2}}},"fnMap":{"0":{"name":"(anonymous_0)","decl":{"start":{"line":15,"column":2},"end":{"line":15,"column":3}},"loc":{"start":{"line":15,"column":21},"end":{"line":18,"column":3}},"line":15},"1":{"name":"(anonymous_1)","decl":{"start":{"line":20,"column":15},"end":{"line":20,"column":16}},"loc":{"start":{"line":20,"column":27},"end":{"line":23,"column":3}},"line":20},"2":{"name":"(anonymous_2)","decl":{"start":{"line":25,"column":15},"end":{"line":25,"column":16}},"loc":{"start":{"line":25,"column":27},"end":{"line":35,"column":3}},"line":25},"3":{"name":"(anonymous_3)","decl":{"start":{"line":28,"column":46},"end":{"line":28,"column":47}},"loc":{"start":{"line":28,"column":58},"end":{"line":30,"column":9}},"line":28},"4":{"name":"(anonymous_4)","decl":{"start":{"line":37,"column":2},"end":{"line":37,"column":3}},"loc":{"start":{"line":37,"column":28},"end":{"line":42,"column":3}},"line":37},"5":{"name":"(anonymous_5)","decl":{"start":{"line":44,"column":2},"end":{"line":44,"column":3}},"loc":{"start":{"line":44,"column":25},"end":{"line":46,"column":3}},"line":44},"6":{"name":"(anonymous_6)","decl":{"start":{"line":48,"column":2},"end":{"line":48,"column":3}},"loc":{"start":{"line":48,"column":11},"end":{"line":89,"column":3}},"line":48},"7":{"name":"(anonymous_7)","decl":{"start":{"line":51,"column":44},"end":{"line":51,"column":45}},"loc":{"start":{"line":51,"column":53},"end":{"line":55,"column":7}},"line":51},"8":{"name":"(anonymous_8)","decl":{"start":{"line":82,"column":23},"end":{"line":82,"column":24}},"loc":{"start":{"line":82,"column":29},"end":{"line":82,"column":71}},"line":82}},"branchMap":{"0":{"loc":{"start":{"line":26,"column":4},"end":{"line":34,"column":5}},"type":"if","locations":[{"start":{"line":26,"column":4},"end":{"line":34,"column":5}},{"start":{"line":26,"column":4},"end":{"line":34,"column":5}}],"line":26},"1":{"loc":{"start":{"line":38,"column":4},"end":{"line":41,"column":5}},"type":"if","locations":[{"start":{"line":38,"column":4},"end":{"line":41,"column":5}},{"start":{"line":38,"column":4},"end":{"line":41,"column":5}}],"line":38},"2":{"loc":{"start":{"line":52,"column":8},"end":{"line":54,"column":9}},"type":"if","locations":[{"start":{"line":52,"column":8},"end":{"line":54,"column":9}},{"start":{"line":52,"column":8},"end":{"line":54,"column":9}}],"line":52},"3":{"loc":{"start":{"line":59,"column":4},"end":{"line":88,"column":5}},"type":"if","locations":[{"start":{"line":59,"column":4},"end":{"line":88,"column":5}},{"start":{"line":59,"column":4},"end":{"line":88,"column":5}}],"line":59}},"s":{"0":2,"1":2,"2":2,"3":2,"4":2,"5":2,"6":2,"7":0,"8":0,"9":2,"10":0,"11":0,"12":0,"13":0,"14":0,"15":2,"16":0,"17":0,"18":0,"19":2,"20":2,"21":2,"22":0,"23":0,"24":0,"25":2,"26":0,"27":2,"28":0,"29":2,"30":2},"f":{"0":2,"1":0,"2":0,"3":0,"4":2,"5":0,"6":2,"7":0,"8":0},"b":{"0":[0,0],"1":[0,2],"2":[0,0],"3":[0,2]},"_coverageSchema":"1a1c01bbd47fc00a2c39e90264f33305004495a9","hash":"ed4a7fd9ab88e1aa0c9970567109e5ad85f2e7e6"}
,"/Users/nick/CSC308/FrontEnd/Hopsy/src/screens/HomeScreen.js": {"path":"/Users/nick/CSC308/FrontEnd/Hopsy/src/screens/HomeScreen.js","statementMap":{"0":{"start":{"line":13,"column":16},"end":{"line":59,"column":3}},"1":{"start":{"line":14,"column":4},"end":{"line":58,"column":6}},"2":{"start":{"line":62,"column":4},"end":{"line":80,"column":6}},"3":{"start":{"line":67,"column":12},"end":{"line":67,"column":71}},"4":{"start":{"line":74,"column":38},"end":{"line":74,"column":60}},"5":{"start":{"line":75,"column":34},"end":{"line":75,"column":41}},"6":{"start":{"line":84,"column":0},"end":{"line":117,"column":2}},"7":{"start":{"line":119,"column":15},"end":{"line":174,"column":2}}},"fnMap":{"0":{"name":"(anonymous_0)","decl":{"start":{"line":13,"column":16},"end":{"line":13,"column":17}},"loc":{"start":{"line":13,"column":24},"end":{"line":59,"column":3}},"line":13},"1":{"name":"(anonymous_1)","decl":{"start":{"line":61,"column":2},"end":{"line":61,"column":3}},"loc":{"start":{"line":61,"column":11},"end":{"line":81,"column":3}},"line":61},"2":{"name":"(anonymous_2)","decl":{"start":{"line":66,"column":19},"end":{"line":66,"column":20}},"loc":{"start":{"line":66,"column":25},"end":{"line":68,"column":11}},"line":66},"3":{"name":"(anonymous_3)","decl":{"start":{"line":74,"column":24},"end":{"line":74,"column":25}},"loc":{"start":{"line":74,"column":38},"end":{"line":74,"column":60}},"line":74},"4":{"name":"(anonymous_4)","decl":{"start":{"line":75,"column":26},"end":{"line":75,"column":27}},"loc":{"start":{"line":75,"column":34},"end":{"line":75,"column":41}},"line":75}},"branchMap":{},"s":{"0":2,"1":8,"2":2,"3":0,"4":8,"5":8,"6":2,"7":2},"f":{"0":8,"1":2,"2":0,"3":8,"4":8},"b":{},"_coverageSchema":"1a1c01bbd47fc00a2c39e90264f33305004495a9","hash":"abf416d9ab7dd6896616145d226f619ebbbf4204"}
,"/Users/nick/CSC308/FrontEnd/Hopsy/src/screens/MapScreen.js": {"path":"/Users/nick/CSC308/FrontEnd/Hopsy/src/screens/MapScreen.js","statementMap":{"0":{"start":{"line":21,"column":17},"end":{"line":21,"column":43}},"1":{"start":{"line":23,"column":2},"end":{"line":23,"column":143}},"2":{"start":{"line":25,"column":26},"end":{"line":25,"column":50}},"3":{"start":{"line":27,"column":20},"end":{"line":27,"column":30}},"4":{"start":{"line":28,"column":19},"end":{"line":28,"column":35}},"5":{"start":{"line":31,"column":10},"end":{"line":36,"column":3}},"6":{"start":{"line":38,"column":22},"end":{"line":77,"column":3}},"7":{"start":{"line":39,"column":21},"end":{"line":39,"column":69}},"8":{"start":{"line":40,"column":4},"end":{"line":44,"column":5}},"9":{"start":{"line":41,"column":6},"end":{"line":43,"column":9}},"10":{"start":{"line":46,"column":19},"end":{"line":46,"column":61}},"11":{"start":{"line":47,"column":4},"end":{"line":47,"column":40}},"12":{"start":{"line":48,"column":4},"end":{"line":48,"column":42}},"13":{"start":{"line":49,"column":4},"end":{"line":76,"column":7}},"14":{"start":{"line":50,"column":6},"end":{"line":75,"column":10}},"15":{"start":{"line":59,"column":26},"end":{"line":59,"column":41}},"16":{"start":{"line":61,"column":10},"end":{"line":68,"column":12}},"17":{"start":{"line":72,"column":12},"end":{"line":72,"column":33}},"18":{"start":{"line":80,"column":4},"end":{"line":80,"column":37}},"19":{"start":{"line":82,"column":4},"end":{"line":82,"column":29}},"20":{"start":{"line":86,"column":55},"end":{"line":86,"column":65}},"21":{"start":{"line":88,"column":4},"end":{"line":206,"column":5}},"22":{"start":{"line":89,"column":6},"end":{"line":97,"column":8}},"23":{"start":{"line":98,"column":11},"end":{"line":206,"column":5}},"24":{"start":{"line":99,"column":6},"end":{"line":205,"column":8}},"25":{"start":{"line":105,"column":14},"end":{"line":105,"column":73}},"26":{"start":{"line":109,"column":25},"end":{"line":109,"column":39}},"27":{"start":{"line":123,"column":14},"end":{"line":123,"column":40}},"28":{"start":{"line":124,"column":14},"end":{"line":147,"column":15}},"29":{"start":{"line":125,"column":16},"end":{"line":135,"column":18}},"30":{"start":{"line":137,"column":16},"end":{"line":146,"column":18}},"31":{"start":{"line":159,"column":14},"end":{"line":201,"column":33}},"32":{"start":{"line":162,"column":18},"end":{"line":170,"column":19}},"33":{"start":{"line":207,"column":4},"end":{"line":215,"column":6}},"34":{"start":{"line":219,"column":0},"end":{"line":221,"column":2}},"35":{"start":{"line":223,"column":15},"end":{"line":270,"column":2}}},"fnMap":{"0":{"name":"(anonymous_0)","decl":{"start":{"line":38,"column":22},"end":{"line":38,"column":23}},"loc":{"start":{"line":38,"column":34},"end":{"line":77,"column":3}},"line":38},"1":{"name":"(anonymous_1)","decl":{"start":{"line":49,"column":53},"end":{"line":49,"column":54}},"loc":{"start":{"line":49,"column":59},"end":{"line":76,"column":5}},"line":49},"2":{"name":"(anonymous_2)","decl":{"start":{"line":59,"column":14},"end":{"line":59,"column":15}},"loc":{"start":{"line":59,"column":26},"end":{"line":59,"column":41}},"line":59},"3":{"name":"(anonymous_3)","decl":{"start":{"line":60,"column":14},"end":{"line":60,"column":15}},"loc":{"start":{"line":60,"column":30},"end":{"line":69,"column":9}},"line":60},"4":{"name":"(anonymous_4)","decl":{"start":{"line":67,"column":12},"end":{"line":67,"column":13}},"loc":{"start":{"line":67,"column":23},"end":{"line":67,"column":25}},"line":67},"5":{"name":"(anonymous_5)","decl":{"start":{"line":71,"column":10},"end":{"line":71,"column":11}},"loc":{"start":{"line":71,"column":19},"end":{"line":73,"column":11}},"line":71},"6":{"name":"(anonymous_6)","decl":{"start":{"line":79,"column":2},"end":{"line":79,"column":3}},"loc":{"start":{"line":79,"column":28},"end":{"line":83,"column":3}},"line":79},"7":{"name":"(anonymous_7)","decl":{"start":{"line":85,"column":2},"end":{"line":85,"column":3}},"loc":{"start":{"line":85,"column":11},"end":{"line":216,"column":3}},"line":85},"8":{"name":"(anonymous_8)","decl":{"start":{"line":104,"column":21},"end":{"line":104,"column":22}},"loc":{"start":{"line":104,"column":27},"end":{"line":106,"column":13}},"line":104},"9":{"name":"(anonymous_9)","decl":{"start":{"line":109,"column":17},"end":{"line":109,"column":18}},"loc":{"start":{"line":109,"column":25},"end":{"line":109,"column":39}},"line":109},"10":{"name":"(anonymous_10)","decl":{"start":{"line":122,"column":34},"end":{"line":122,"column":35}},"loc":{"start":{"line":122,"column":54},"end":{"line":148,"column":13}},"line":122},"11":{"name":"(anonymous_11)","decl":{"start":{"line":158,"column":34},"end":{"line":158,"column":35}},"loc":{"start":{"line":159,"column":14},"end":{"line":201,"column":33}},"line":159},"12":{"name":"(anonymous_12)","decl":{"start":{"line":161,"column":25},"end":{"line":161,"column":26}},"loc":{"start":{"line":162,"column":18},"end":{"line":170,"column":19}},"line":162}},"branchMap":{"0":{"loc":{"start":{"line":40,"column":4},"end":{"line":44,"column":5}},"type":"if","locations":[{"start":{"line":40,"column":4},"end":{"line":44,"column":5}},{"start":{"line":40,"column":4},"end":{"line":44,"column":5}}],"line":40},"1":{"loc":{"start":{"line":88,"column":4},"end":{"line":206,"column":5}},"type":"if","locations":[{"start":{"line":88,"column":4},"end":{"line":206,"column":5}},{"start":{"line":88,"column":4},"end":{"line":206,"column":5}}],"line":88},"2":{"loc":{"start":{"line":98,"column":11},"end":{"line":206,"column":5}},"type":"if","locations":[{"start":{"line":98,"column":11},"end":{"line":206,"column":5}},{"start":{"line":98,"column":11},"end":{"line":206,"column":5}}],"line":98},"3":{"loc":{"start":{"line":98,"column":15},"end":{"line":98,"column":35}},"type":"binary-expr","locations":[{"start":{"line":98,"column":15},"end":{"line":98,"column":23}},{"start":{"line":98,"column":27},"end":{"line":98,"column":35}}],"line":98},"4":{"loc":{"start":{"line":124,"column":14},"end":{"line":147,"column":15}},"type":"if","locations":[{"start":{"line":124,"column":14},"end":{"line":147,"column":15}},{"start":{"line":124,"column":14},"end":{"line":147,"column":15}}],"line":124},"5":{"loc":{"start":{"line":188,"column":24},"end":{"line":196,"column":29}},"type":"cond-expr","locations":[{"start":{"line":189,"column":28},"end":{"line":189,"column":58}},{"start":{"line":190,"column":28},"end":{"line":196,"column":29}}],"line":188}},"s":{"0":2,"1":2,"2":2,"3":2,"4":2,"5":2,"6":2,"7":2,"8":0,"9":0,"10":0,"11":0,"12":0,"13":0,"14":0,"15":0,"16":0,"17":0,"18":2,"19":2,"20":4,"21":4,"22":2,"23":2,"24":0,"25":0,"26":0,"27":0,"28":0,"29":0,"30":0,"31":0,"32":0,"33":2,"34":2,"35":2},"f":{"0":2,"1":0,"2":0,"3":0,"4":0,"5":0,"6":2,"7":4,"8":0,"9":0,"10":0,"11":0,"12":0},"b":{"0":[0,0],"1":[2,2],"2":[0,2],"3":[2,0],"4":[0,0],"5":[0,0]},"_coverageSchema":"1a1c01bbd47fc00a2c39e90264f33305004495a9","hash":"bd22177cbe91a15776a6658f83df77aef14e32b7"}
,"/Users/nick/CSC308/FrontEnd/Hopsy/src/screens/PreferenceScreen.js": {"path":"/Users/nick/CSC308/FrontEnd/Hopsy/src/screens/PreferenceScreen.js","statementMap":{"0":{"start":{"line":16,"column":15},"end":{"line":16,"column":39}},"1":{"start":{"line":17,"column":21},"end":{"line":17,"column":34}},"2":{"start":{"line":18,"column":20},"end":{"line":18,"column":32}},"3":{"start":{"line":21,"column":12},"end":{"line":50,"column":1}},"4":{"start":{"line":53,"column":4},"end":{"line":53,"column":12}},"5":{"start":{"line":54,"column":4},"end":{"line":60,"column":6}},"6":{"start":{"line":69,"column":8},"end":{"line":69,"column":18}},"7":{"start":{"line":70,"column":4},"end":{"line":93,"column":5}},"8":{"start":{"line":71,"column":6},"end":{"line":92,"column":11}},"9":{"start":{"line":84,"column":26},"end":{"line":84,"column":41}},"10":{"start":{"line":86,"column":10},"end":{"line":88,"column":11}},"11":{"start":{"line":87,"column":12},"end":{"line":87,"column":51}},"12":{"start":{"line":91,"column":10},"end":{"line":91,"column":31}},"13":{"start":{"line":97,"column":26},"end":{"line":105,"column":5}},"14":{"start":{"line":106,"column":26},"end":{"line":106,"column":57}},"15":{"start":{"line":109,"column":6},"end":{"line":111,"column":9}},"16":{"start":{"line":112,"column":6},"end":{"line":112,"column":55}},"17":{"start":{"line":116,"column":6},"end":{"line":118,"column":9}},"18":{"start":{"line":119,"column":6},"end":{"line":119,"column":55}},"19":{"start":{"line":122,"column":4},"end":{"line":213,"column":6}},"20":{"start":{"line":134,"column":32},"end":{"line":134,"column":56}},"21":{"start":{"line":135,"column":18},"end":{"line":135,"column":35}},"22":{"start":{"line":136,"column":18},"end":{"line":136,"column":58}},"23":{"start":{"line":140,"column":32},"end":{"line":142,"column":19}},"24":{"start":{"line":141,"column":29},"end":{"line":141,"column":49}},"25":{"start":{"line":143,"column":18},"end":{"line":143,"column":58}},"26":{"start":{"line":205,"column":16},"end":{"line":205,"column":34}},"27":{"start":{"line":206,"column":16},"end":{"line":206,"column":55}},"28":{"start":{"line":217,"column":0},"end":{"line":219,"column":2}},"29":{"start":{"line":223,"column":15},"end":{"line":254,"column":2}}},"fnMap":{"0":{"name":"(anonymous_0)","decl":{"start":{"line":52,"column":2},"end":{"line":52,"column":3}},"loc":{"start":{"line":52,"column":16},"end":{"line":61,"column":3}},"line":52},"1":{"name":"(anonymous_1)","decl":{"start":{"line":64,"column":2},"end":{"line":64,"column":3}},"loc":{"start":{"line":64,"column":15},"end":{"line":94,"column":3}},"line":64},"2":{"name":"(anonymous_2)","decl":{"start":{"line":84,"column":14},"end":{"line":84,"column":15}},"loc":{"start":{"line":84,"column":26},"end":{"line":84,"column":41}},"line":84},"3":{"name":"(anonymous_3)","decl":{"start":{"line":85,"column":14},"end":{"line":85,"column":15}},"loc":{"start":{"line":85,"column":30},"end":{"line":89,"column":9}},"line":85},"4":{"name":"(anonymous_4)","decl":{"start":{"line":90,"column":15},"end":{"line":90,"column":16}},"loc":{"start":{"line":90,"column":24},"end":{"line":92,"column":9}},"line":90},"5":{"name":"(anonymous_5)","decl":{"start":{"line":96,"column":2},"end":{"line":96,"column":3}},"loc":{"start":{"line":96,"column":11},"end":{"line":214,"column":3}},"line":96},"6":{"name":"setSelectedFlavorOption","decl":{"start":{"line":108,"column":13},"end":{"line":108,"column":36}},"loc":{"start":{"line":108,"column":59},"end":{"line":113,"column":5}},"line":108},"7":{"name":"setSelectedOriginOption","decl":{"start":{"line":115,"column":13},"end":{"line":115,"column":36}},"loc":{"start":{"line":115,"column":59},"end":{"line":120,"column":5}},"line":115},"8":{"name":"(anonymous_8)","decl":{"start":{"line":133,"column":30},"end":{"line":133,"column":31}},"loc":{"start":{"line":133,"column":38},"end":{"line":137,"column":17}},"line":133},"9":{"name":"(anonymous_9)","decl":{"start":{"line":139,"column":30},"end":{"line":139,"column":31}},"loc":{"start":{"line":139,"column":47},"end":{"line":144,"column":17}},"line":139},"10":{"name":"(anonymous_10)","decl":{"start":{"line":141,"column":20},"end":{"line":141,"column":21}},"loc":{"start":{"line":141,"column":29},"end":{"line":141,"column":49}},"line":141},"11":{"name":"(anonymous_11)","decl":{"start":{"line":204,"column":23},"end":{"line":204,"column":24}},"loc":{"start":{"line":204,"column":29},"end":{"line":207,"column":15}},"line":204}},"branchMap":{"0":{"loc":{"start":{"line":70,"column":4},"end":{"line":93,"column":5}},"type":"if","locations":[{"start":{"line":70,"column":4},"end":{"line":93,"column":5}},{"start":{"line":70,"column":4},"end":{"line":93,"column":5}}],"line":70},"1":{"loc":{"start":{"line":70,"column":8},"end":{"line":70,"column":69}},"type":"binary-expr","locations":[{"start":{"line":70,"column":8},"end":{"line":70,"column":28}},{"start":{"line":70,"column":32},"end":{"line":70,"column":52}},{"start":{"line":70,"column":56},"end":{"line":70,"column":69}}],"line":70},"2":{"loc":{"start":{"line":86,"column":10},"end":{"line":88,"column":11}},"type":"if","locations":[{"start":{"line":86,"column":10},"end":{"line":88,"column":11}},{"start":{"line":86,"column":10},"end":{"line":88,"column":11}}],"line":86}},"s":{"0":2,"1":2,"2":2,"3":2,"4":2,"5":2,"6":0,"7":0,"8":0,"9":0,"10":0,"11":0,"12":0,"13":2,"14":2,"15":0,"16":0,"17":0,"18":0,"19":2,"20":0,"21":0,"22":0,"23":0,"24":0,"25":0,"26":0,"27":0,"28":2,"29":2},"f":{"0":2,"1":0,"2":0,"3":0,"4":0,"5":2,"6":0,"7":0,"8":0,"9":0,"10":0,"11":0},"b":{"0":[0,0],"1":[0,0,0],"2":[0,0]},"_coverageSchema":"1a1c01bbd47fc00a2c39e90264f33305004495a9","hash":"215fc8054611d50f534764486a8760b0cff54e4a"}
,"/Users/nick/CSC308/FrontEnd/Hopsy/src/screens/ProfileScreen.js": {"path":"/Users/nick/CSC308/FrontEnd/Hopsy/src/screens/ProfileScreen.js","statementMap":{"0":{"start":{"line":13,"column":4},"end":{"line":13,"column":17}},"1":{"start":{"line":14,"column":4},"end":{"line":18,"column":6}},"2":{"start":{"line":21,"column":29},"end":{"line":26,"column":3}},"3":{"start":{"line":29,"column":4},"end":{"line":49,"column":9}},"4":{"start":{"line":40,"column":8},"end":{"line":45,"column":10}},"5":{"start":{"line":48,"column":8},"end":{"line":48,"column":29}},"6":{"start":{"line":53,"column":4},"end":{"line":72,"column":9}},"7":{"start":{"line":63,"column":24},"end":{"line":63,"column":39}},"8":{"start":{"line":66,"column":8},"end":{"line":68,"column":11}},"9":{"start":{"line":71,"column":8},"end":{"line":71,"column":29}},"10":{"start":{"line":76,"column":4},"end":{"line":76,"column":26}},"11":{"start":{"line":77,"column":4},"end":{"line":77,"column":26}},"12":{"start":{"line":81,"column":4},"end":{"line":143,"column":6}},"13":{"start":{"line":86,"column":12},"end":{"line":86,"column":71}},"14":{"start":{"line":102,"column":16},"end":{"line":108,"column":18}},"15":{"start":{"line":147,"column":15},"end":{"line":170,"column":2}}},"fnMap":{"0":{"name":"(anonymous_0)","decl":{"start":{"line":12,"column":2},"end":{"line":12,"column":3}},"loc":{"start":{"line":12,"column":21},"end":{"line":19,"column":3}},"line":12},"1":{"name":"(anonymous_1)","decl":{"start":{"line":28,"column":2},"end":{"line":28,"column":3}},"loc":{"start":{"line":28,"column":19},"end":{"line":50,"column":3}},"line":28},"2":{"name":"(anonymous_2)","decl":{"start":{"line":39,"column":12},"end":{"line":39,"column":13}},"loc":{"start":{"line":39,"column":24},"end":{"line":46,"column":7}},"line":39},"3":{"name":"(anonymous_3)","decl":{"start":{"line":44,"column":10},"end":{"line":44,"column":11}},"loc":{"start":{"line":44,"column":21},"end":{"line":44,"column":23}},"line":44},"4":{"name":"(anonymous_4)","decl":{"start":{"line":47,"column":13},"end":{"line":47,"column":14}},"loc":{"start":{"line":47,"column":22},"end":{"line":49,"column":7}},"line":47},"5":{"name":"(anonymous_5)","decl":{"start":{"line":52,"column":2},"end":{"line":52,"column":3}},"loc":{"start":{"line":52,"column":19},"end":{"line":73,"column":3}},"line":52},"6":{"name":"(anonymous_6)","decl":{"start":{"line":63,"column":12},"end":{"line":63,"column":13}},"loc":{"start":{"line":63,"column":24},"end":{"line":63,"column":39}},"line":63},"7":{"name":"(anonymous_7)","decl":{"start":{"line":64,"column":12},"end":{"line":64,"column":13}},"loc":{"start":{"line":64,"column":28},"end":{"line":69,"column":7}},"line":64},"8":{"name":"(anonymous_8)","decl":{"start":{"line":70,"column":13},"end":{"line":70,"column":14}},"loc":{"start":{"line":70,"column":22},"end":{"line":72,"column":7}},"line":70},"9":{"name":"(anonymous_9)","decl":{"start":{"line":75,"column":2},"end":{"line":75,"column":3}},"loc":{"start":{"line":75,"column":22},"end":{"line":78,"column":3}},"line":75},"10":{"name":"(anonymous_10)","decl":{"start":{"line":80,"column":2},"end":{"line":80,"column":3}},"loc":{"start":{"line":80,"column":11},"end":{"line":144,"column":3}},"line":80},"11":{"name":"(anonymous_11)","decl":{"start":{"line":85,"column":19},"end":{"line":85,"column":20}},"loc":{"start":{"line":85,"column":25},"end":{"line":87,"column":11}},"line":85},"12":{"name":"(anonymous_12)","decl":{"start":{"line":101,"column":51},"end":{"line":101,"column":52}},"loc":{"start":{"line":101,"column":68},"end":{"line":109,"column":15}},"line":101}},"branchMap":{},"s":{"0":2,"1":2,"2":2,"3":2,"4":0,"5":0,"6":2,"7":0,"8":0,"9":0,"10":2,"11":2,"12":2,"13":0,"14":0,"15":2},"f":{"0":2,"1":2,"2":0,"3":0,"4":0,"5":2,"6":0,"7":0,"8":0,"9":2,"10":2,"11":0,"12":0},"b":{},"_coverageSchema":"1a1c01bbd47fc00a2c39e90264f33305004495a9","hash":"61814c0730e04059ebf0e1c1026cd4bd662ff31c"}
,"/Users/nick/CSC308/FrontEnd/Hopsy/src/screens/RecommendationScreen.js": {"path":"/Users/nick/CSC308/FrontEnd/Hopsy/src/screens/RecommendationScreen.js","statementMap":{"0":{"start":{"line":12,"column":26},"end":{"line":39,"column":3}},"1":{"start":{"line":13,"column":4},"end":{"line":38,"column":6}},"2":{"start":{"line":42,"column":4},"end":{"line":60,"column":6}},"3":{"start":{"line":47,"column":12},"end":{"line":47,"column":71}},"4":{"start":{"line":54,"column":38},"end":{"line":54,"column":70}},"5":{"start":{"line":55,"column":34},"end":{"line":55,"column":41}},"6":{"start":{"line":64,"column":0},"end":{"line":97,"column":2}},"7":{"start":{"line":99,"column":15},"end":{"line":155,"column":2}}},"fnMap":{"0":{"name":"(anonymous_0)","decl":{"start":{"line":12,"column":26},"end":{"line":12,"column":27}},"loc":{"start":{"line":12,"column":44},"end":{"line":39,"column":3}},"line":12},"1":{"name":"(anonymous_1)","decl":{"start":{"line":41,"column":2},"end":{"line":41,"column":3}},"loc":{"start":{"line":41,"column":11},"end":{"line":61,"column":3}},"line":41},"2":{"name":"(anonymous_2)","decl":{"start":{"line":46,"column":19},"end":{"line":46,"column":20}},"loc":{"start":{"line":46,"column":25},"end":{"line":48,"column":11}},"line":46},"3":{"name":"(anonymous_3)","decl":{"start":{"line":54,"column":24},"end":{"line":54,"column":25}},"loc":{"start":{"line":54,"column":38},"end":{"line":54,"column":70}},"line":54},"4":{"name":"(anonymous_4)","decl":{"start":{"line":55,"column":26},"end":{"line":55,"column":27}},"loc":{"start":{"line":55,"column":34},"end":{"line":55,"column":41}},"line":55}},"branchMap":{},"s":{"0":2,"1":8,"2":2,"3":0,"4":8,"5":8,"6":2,"7":2},"f":{"0":8,"1":2,"2":0,"3":8,"4":8},"b":{},"_coverageSchema":"1a1c01bbd47fc00a2c39e90264f33305004495a9","hash":"b2e6d7bc0158b4d681a4b4005ac5f7ca3968f192"}
,"/Users/nick/CSC308/FrontEnd/Hopsy/src/screens/SearchScreen.js": {"path":"/Users/nick/CSC308/FrontEnd/Hopsy/src/screens/SearchScreen.js","statementMap":{"0":{"start":{"line":23,"column":4},"end":{"line":23,"column":17}},"1":{"start":{"line":25,"column":4},"end":{"line":32,"column":6}},"2":{"start":{"line":36,"column":4},"end":{"line":50,"column":9}},"3":{"start":{"line":37,"column":24},"end":{"line":37,"column":39}},"4":{"start":{"line":39,"column":8},"end":{"line":46,"column":10}},"5":{"start":{"line":49,"column":8},"end":{"line":49,"column":29}},"6":{"start":{"line":54,"column":4},"end":{"line":54,"column":29}},"7":{"start":{"line":57,"column":22},"end":{"line":59,"column":3}},"8":{"start":{"line":58,"column":4},"end":{"line":58,"column":22}},"9":{"start":{"line":61,"column":17},"end":{"line":70,"column":3}},"10":{"start":{"line":62,"column":4},"end":{"line":69,"column":6}},"11":{"start":{"line":72,"column":20},"end":{"line":83,"column":3}},"12":{"start":{"line":73,"column":4},"end":{"line":82,"column":6}},"13":{"start":{"line":86,"column":17},"end":{"line":93,"column":3}},"14":{"start":{"line":87,"column":28},"end":{"line":87,"column":46}},"15":{"start":{"line":88,"column":17},"end":{"line":90,"column":6}},"16":{"start":{"line":89,"column":6},"end":{"line":89,"column":63}},"17":{"start":{"line":91,"column":4},"end":{"line":91,"column":52}},"18":{"start":{"line":92,"column":4},"end":{"line":92,"column":22}},"19":{"start":{"line":96,"column":4},"end":{"line":96,"column":64}},"20":{"start":{"line":100,"column":4},"end":{"line":178,"column":6}},"21":{"start":{"line":105,"column":12},"end":{"line":105,"column":71}},"22":{"start":{"line":118,"column":12},"end":{"line":166,"column":19}},"23":{"start":{"line":124,"column":18},"end":{"line":124,"column":56}},"24":{"start":{"line":146,"column":22},"end":{"line":149,"column":24}},"25":{"start":{"line":158,"column":18},"end":{"line":158,"column":47}},"26":{"start":{"line":168,"column":32},"end":{"line":168,"column":41}},"27":{"start":{"line":173,"column":31},"end":{"line":173,"column":56}},"28":{"start":{"line":181,"column":12},"end":{"line":183,"column":3}},"29":{"start":{"line":182,"column":4},"end":{"line":182,"column":56}},"30":{"start":{"line":186,"column":15},"end":{"line":274,"column":2}}},"fnMap":{"0":{"name":"(anonymous_0)","decl":{"start":{"line":22,"column":2},"end":{"line":22,"column":3}},"loc":{"start":{"line":22,"column":21},"end":{"line":33,"column":3}},"line":22},"1":{"name":"(anonymous_1)","decl":{"start":{"line":35,"column":2},"end":{"line":35,"column":3}},"loc":{"start":{"line":35,"column":15},"end":{"line":51,"column":3}},"line":35},"2":{"name":"(anonymous_2)","decl":{"start":{"line":37,"column":12},"end":{"line":37,"column":13}},"loc":{"start":{"line":37,"column":24},"end":{"line":37,"column":39}},"line":37},"3":{"name":"(anonymous_3)","decl":{"start":{"line":38,"column":12},"end":{"line":38,"column":13}},"loc":{"start":{"line":38,"column":28},"end":{"line":47,"column":7}},"line":38},"4":{"name":"(anonymous_4)","decl":{"start":{"line":45,"column":10},"end":{"line":45,"column":11}},"loc":{"start":{"line":45,"column":21},"end":{"line":45,"column":23}},"line":45},"5":{"name":"(anonymous_5)","decl":{"start":{"line":48,"column":13},"end":{"line":48,"column":14}},"loc":{"start":{"line":48,"column":22},"end":{"line":50,"column":7}},"line":48},"6":{"name":"(anonymous_6)","decl":{"start":{"line":53,"column":2},"end":{"line":53,"column":3}},"loc":{"start":{"line":53,"column":22},"end":{"line":55,"column":3}},"line":53},"7":{"name":"(anonymous_7)","decl":{"start":{"line":57,"column":22},"end":{"line":57,"column":23}},"loc":{"start":{"line":57,"column":28},"end":{"line":59,"column":3}},"line":57},"8":{"name":"(anonymous_8)","decl":{"start":{"line":61,"column":17},"end":{"line":61,"column":18}},"loc":{"start":{"line":61,"column":23},"end":{"line":70,"column":3}},"line":61},"9":{"name":"(anonymous_9)","decl":{"start":{"line":72,"column":20},"end":{"line":72,"column":21}},"loc":{"start":{"line":72,"column":26},"end":{"line":83,"column":3}},"line":72},"10":{"name":"(anonymous_10)","decl":{"start":{"line":86,"column":17},"end":{"line":86,"column":18}},"loc":{"start":{"line":86,"column":25},"end":{"line":93,"column":3}},"line":86},"11":{"name":"(anonymous_11)","decl":{"start":{"line":88,"column":47},"end":{"line":88,"column":48}},"loc":{"start":{"line":88,"column":55},"end":{"line":90,"column":5}},"line":88},"12":{"name":"(anonymous_12)","decl":{"start":{"line":95,"column":2},"end":{"line":95,"column":3}},"loc":{"start":{"line":95,"column":29},"end":{"line":97,"column":3}},"line":95},"13":{"name":"(anonymous_13)","decl":{"start":{"line":99,"column":2},"end":{"line":99,"column":3}},"loc":{"start":{"line":99,"column":11},"end":{"line":179,"column":3}},"line":99},"14":{"name":"(anonymous_14)","decl":{"start":{"line":104,"column":19},"end":{"line":104,"column":20}},"loc":{"start":{"line":104,"column":25},"end":{"line":106,"column":11}},"line":104},"15":{"name":"(anonymous_15)","decl":{"start":{"line":117,"column":22},"end":{"line":117,"column":23}},"loc":{"start":{"line":118,"column":12},"end":{"line":166,"column":19}},"line":118},"16":{"name":"(anonymous_16)","decl":{"start":{"line":123,"column":32},"end":{"line":123,"column":33}},"loc":{"start":{"line":123,"column":38},"end":{"line":125,"column":17}},"line":123},"17":{"name":"(anonymous_17)","decl":{"start":{"line":145,"column":29},"end":{"line":145,"column":30}},"loc":{"start":{"line":145,"column":35},"end":{"line":150,"column":21}},"line":145},"18":{"name":"(anonymous_18)","decl":{"start":{"line":157,"column":25},"end":{"line":157,"column":26}},"loc":{"start":{"line":157,"column":31},"end":{"line":159,"column":17}},"line":157},"19":{"name":"(anonymous_19)","decl":{"start":{"line":168,"column":24},"end":{"line":168,"column":25}},"loc":{"start":{"line":168,"column":32},"end":{"line":168,"column":41}},"line":168},"20":{"name":"(anonymous_20)","decl":{"start":{"line":173,"column":25},"end":{"line":173,"column":26}},"loc":{"start":{"line":173,"column":31},"end":{"line":173,"column":56}},"line":173},"21":{"name":"(anonymous_21)","decl":{"start":{"line":173,"column":42},"end":{"line":173,"column":43}},"loc":{"start":{"line":173,"column":48},"end":{"line":173,"column":50}},"line":173},"22":{"name":"(anonymous_22)","decl":{"start":{"line":181,"column":12},"end":{"line":181,"column":13}},"loc":{"start":{"line":181,"column":18},"end":{"line":183,"column":3}},"line":181}},"branchMap":{},"s":{"0":2,"1":2,"2":2,"3":0,"4":0,"5":0,"6":2,"7":2,"8":2,"9":2,"10":0,"11":2,"12":0,"13":2,"14":0,"15":0,"16":0,"17":0,"18":0,"19":0,"20":2,"21":0,"22":0,"23":0,"24":0,"25":0,"26":0,"27":0,"28":2,"29":0,"30":2},"f":{"0":2,"1":2,"2":0,"3":0,"4":0,"5":0,"6":2,"7":2,"8":0,"9":0,"10":0,"11":0,"12":0,"13":2,"14":0,"15":0,"16":0,"17":0,"18":0,"19":0,"20":0,"21":0,"22":0},"b":{},"_coverageSchema":"1a1c01bbd47fc00a2c39e90264f33305004495a9","hash":"ab3033988e53c2c66dbe19c8421cbffdfbf30a22"}
,"/Users/nick/CSC308/FrontEnd/Hopsy/src/screens/SettingsScreen.js": {"path":"/Users/nick/CSC308/FrontEnd/Hopsy/src/screens/SettingsScreen.js","statementMap":{"0":{"start":{"line":10,"column":29},"end":{"line":12,"column":3}},"1":{"start":{"line":14,"column":4},"end":{"line":23,"column":6}},"2":{"start":{"line":19,"column":12},"end":{"line":19,"column":71}},"3":{"start":{"line":27,"column":15},"end":{"line":32,"column":2}}},"fnMap":{"0":{"name":"(anonymous_0)","decl":{"start":{"line":13,"column":2},"end":{"line":13,"column":3}},"loc":{"start":{"line":13,"column":11},"end":{"line":24,"column":3}},"line":13},"1":{"name":"(anonymous_1)","decl":{"start":{"line":18,"column":19},"end":{"line":18,"column":20}},"loc":{"start":{"line":18,"column":25},"end":{"line":20,"column":11}},"line":18}},"branchMap":{},"s":{"0":2,"1":2,"2":0,"3":2},"f":{"0":2,"1":0},"b":{},"_coverageSchema":"1a1c01bbd47fc00a2c39e90264f33305004495a9","hash":"184ae538dfd10f43d366eb4fbf537f2559d2d233"}
,"/Users/nick/CSC308/FrontEnd/Hopsy/src/screens/SignUpScreen.js": {"path":"/Users/nick/CSC308/FrontEnd/Hopsy/src/screens/SignUpScreen.js","statementMap":{"0":{"start":{"line":14,"column":4},"end":{"line":27,"column":6}},"1":{"start":{"line":31,"column":0},"end":{"line":33,"column":2}},"2":{"start":{"line":35,"column":15},"end":{"line":69,"column":2}}},"fnMap":{"0":{"name":"(anonymous_0)","decl":{"start":{"line":13,"column":2},"end":{"line":13,"column":3}},"loc":{"start":{"line":13,"column":11},"end":{"line":28,"column":3}},"line":13}},"branchMap":{},"s":{"0":2,"1":2,"2":2},"f":{"0":2},"b":{},"_coverageSchema":"1a1c01bbd47fc00a2c39e90264f33305004495a9","hash":"ba923035fa9d453079f99f21f59c85fcf41a48ce"}
,"/Users/nick/CSC308/FrontEnd/Hopsy/src/screens/TooYoung.js": {"path":"/Users/nick/CSC308/FrontEnd/Hopsy/src/screens/TooYoung.js","statementMap":{"0":{"start":{"line":7,"column":2},"end":{"line":13,"column":4}},"1":{"start":{"line":16,"column":0},"end":{"line":18,"column":2}},"2":{"start":{"line":20,"column":15},"end":{"line":30,"column":2}}},"fnMap":{"0":{"name":"TooYoungScreen","decl":{"start":{"line":6,"column":24},"end":{"line":6,"column":38}},"loc":{"start":{"line":6,"column":41},"end":{"line":14,"column":1}},"line":6}},"branchMap":{},"s":{"0":2,"1":2,"2":2},"f":{"0":2},"b":{},"_coverageSchema":"1a1c01bbd47fc00a2c39e90264f33305004495a9","hash":"ca4afe67efa27ae67f3222a4dc69efb6d3e3c6a1"}
}
