{"/Users/nick/CSC308/FrontEnd/Hopsy/src/components/CustomButton.js": {"path":"/Users/nick/CSC308/FrontEnd/Hopsy/src/components/CustomButton.js","statementMap":{"0":{"start":{"line":7,"column":37},"end":{"line":7,"column":47}},"1":{"start":{"line":8,"column":4},"end":{"line":15,"column":6}},"2":{"start":{"line":11,"column":23},"end":{"line":11,"column":32}},"3":{"start":{"line":19,"column":0},"end":{"line":22,"column":2}},"4":{"start":{"line":24,"column":15},"end":{"line":37,"column":2}}},"fnMap":{"0":{"name":"(anonymous_0)","decl":{"start":{"line":6,"column":2},"end":{"line":6,"column":3}},"loc":{"start":{"line":6,"column":11},"end":{"line":16,"column":3}},"line":6},"1":{"name":"(anonymous_1)","decl":{"start":{"line":11,"column":17},"end":{"line":11,"column":18}},"loc":{"start":{"line":11,"column":23},"end":{"line":11,"column":32}},"line":11}},"branchMap":{},"s":{"0":4,"1":4,"2":0,"3":4,"4":4},"f":{"0":4,"1":0},"b":{},"_coverageSchema":"43e27e138ebf9cfc5966b082cf9a028302ed4184","hash":"89ff34bed7491fbac36dc8ac79f1b5fc75a775a5"}
,"/Users/nick/CSC308/FrontEnd/Hopsy/src/components/Header.js": {"path":"/Users/nick/CSC308/FrontEnd/Hopsy/src/components/Header.js","statementMap":{"0":{"start":{"line":9,"column":30},"end":{"line":9,"column":40}},"1":{"start":{"line":10,"column":4},"end":{"line":32,"column":6}},"2":{"start":{"line":16,"column":16},"end":{"line":16,"column":26}},"3":{"start":{"line":38,"column":15},"end":{"line":62,"column":2}}},"fnMap":{"0":{"name":"(anonymous_0)","decl":{"start":{"line":8,"column":2},"end":{"line":8,"column":3}},"loc":{"start":{"line":8,"column":11},"end":{"line":33,"column":3}},"line":8},"1":{"name":"(anonymous_1)","decl":{"start":{"line":15,"column":23},"end":{"line":15,"column":24}},"loc":{"start":{"line":15,"column":29},"end":{"line":17,"column":15}},"line":15}},"branchMap":{},"s":{"0":4,"1":4,"2":0,"3":4},"f":{"0":4,"1":0},"b":{},"_coverageSchema":"43e27e138ebf9cfc5966b082cf9a028302ed4184","hash":"480c7440378f3aabb092473220174fc1291c2c61"}
}
