TN:
SF:/Users/nick/CSC308/FrontEnd/Hopsy/global.js
FNF:0
FNH:0
DA:1,4
LF:1
LH:1
BRF:0
BRH:0
end_of_record
TN:
SF:/Users/nick/CSC308/FrontEnd/Hopsy/src/components/CustomButton.js
FN:6,(anonymous_0)
FN:11,(anonymous_1)
FNF:2
FNH:1
FNDA:14,(anonymous_0)
FNDA:0,(anonymous_1)
DA:7,14
DA:8,14
DA:11,0
DA:19,4
DA:24,4
LF:5
LH:4
BRF:0
BRH:0
end_of_record
TN:
SF:/Users/nick/CSC308/FrontEnd/Hopsy/src/components/Header.js
FN:8,(anonymous_0)
FN:15,(anonymous_1)
FNF:2
FNH:1
FNDA:16,(anonymous_0)
FNDA:0,(anonymous_1)
DA:9,16
DA:10,16
DA:16,0
DA:38,4
LF:4
LH:3
BRF:0
BRH:0
end_of_record
TN:
SF:/Users/nick/CSC308/FrontEnd/Hopsy/src/components/LoginForm.js
FN:19,(anonymous_0)
FN:24,(anonymous_1)
FN:41,(anonymous_2)
FN:42,(anonymous_3)
FN:47,(anonymous_4)
FN:53,(anonymous_5)
FN:61,(anonymous_6)
FN:62,(anonymous_7)
FN:74,(anonymous_8)
FN:75,(anonymous_9)
FN:76,(anonymous_10)
FN:87,(anonymous_11)
FNF:12
FNH:3
FNDA:2,(anonymous_0)
FNDA:0,(anonymous_1)
FNDA:0,(anonymous_2)
FNDA:0,(anonymous_3)
FNDA:0,(anonymous_4)
FNDA:2,(anonymous_5)
FNDA:0,(anonymous_6)
FNDA:0,(anonymous_7)
FNDA:2,(anonymous_8)
FNDA:0,(anonymous_9)
FNDA:0,(anonymous_10)
FNDA:0,(anonymous_11)
DA:15,2
DA:20,2
DA:21,2
DA:25,0
DA:26,0
DA:27,0
DA:29,0
DA:30,0
DA:41,0
DA:43,0
DA:44,0
DA:48,0
DA:54,2
DA:61,0
DA:62,0
DA:74,2
DA:75,0
DA:76,0
DA:87,0
DA:99,2
LF:20
LH:6
BRDA:29,0,0,0
BRDA:29,0,1,0
BRDA:29,1,0,0
BRDA:29,1,1,0
BRDA:43,2,0,0
BRDA:43,2,1,0
BRF:6
BRH:0
end_of_record
TN:
SF:/Users/nick/CSC308/FrontEnd/Hopsy/src/components/SearchableDropdown.js
FN:17,(anonymous_0)
FN:31,(anonymous_1)
FN:42,(anonymous_2)
FN:45,(anonymous_3)
FN:48,(anonymous_4)
FN:61,(anonymous_5)
FN:74,(anonymous_6)
FN:77,(anonymous_7)
FN:81,(anonymous_8)
FN:95,(anonymous_9)
FN:101,(anonymous_10)
FN:107,(anonymous_11)
FN:124,(anonymous_12)
FN:125,(anonymous_13)
FN:145,(anonymous_14)
FN:147,(anonymous_15)
FN:164,(anonymous_16)
FN:167,(anonymous_17)
FN:178,(anonymous_18)
FN:188,(anonymous_19)
FN:192,(anonymous_20)
FN:195,(anonymous_21)
FN:198,(anonymous_22)
FN:205,(anonymous_23)
FN:216,(anonymous_24)
FN:238,(anonymous_25)
FN:254,(anonymous_26)
FN:266,(anonymous_27)
FN:283,(anonymous_28)
FN:301,(anonymous_29)
FN:302,(anonymous_30)
FNF:31
FNH:9
FNDA:4,(anonymous_0)
FNDA:8,(anonymous_1)
FNDA:0,(anonymous_2)
FNDA:0,(anonymous_3)
FNDA:0,(anonymous_4)
FNDA:4,(anonymous_5)
FNDA:0,(anonymous_6)
FNDA:0,(anonymous_7)
FNDA:0,(anonymous_8)
FNDA:0,(anonymous_9)
FNDA:0,(anonymous_10)
FNDA:0,(anonymous_11)
FNDA:0,(anonymous_12)
FNDA:0,(anonymous_13)
FNDA:0,(anonymous_14)
FNDA:0,(anonymous_15)
FNDA:0,(anonymous_16)
FNDA:0,(anonymous_17)
FNDA:0,(anonymous_18)
FNDA:8,(anonymous_19)
FNDA:8,(anonymous_20)
FNDA:12,(anonymous_21)
FNDA:0,(anonymous_22)
FNDA:0,(anonymous_23)
FNDA:0,(anonymous_24)
FNDA:72,(anonymous_25)
FNDA:8,(anonymous_26)
FNDA:8,(anonymous_27)
FNDA:0,(anonymous_28)
FNDA:0,(anonymous_29)
FNDA:0,(anonymous_30)
DA:11,4
DA:18,4
DA:19,4
DA:20,4
DA:21,4
DA:22,4
DA:24,4
DA:31,4
DA:32,8
DA:33,0
DA:37,0
DA:42,0
DA:45,0
DA:48,0
DA:49,0
DA:50,0
DA:52,0
DA:53,0
DA:57,0
DA:61,4
DA:62,4
DA:63,4
DA:64,4
DA:65,4
DA:70,0
DA:74,4
DA:75,0
DA:76,0
DA:77,0
DA:78,0
DA:81,0
DA:82,0
DA:84,0
DA:88,0
DA:90,0
DA:94,0
DA:95,0
DA:96,0
DA:101,4
DA:102,0
DA:107,0
DA:125,0
DA:126,0
DA:146,0
DA:147,0
DA:148,0
DA:161,0
DA:165,0
DA:166,0
DA:167,0
DA:168,0
DA:169,0
DA:170,0
DA:171,0
DA:178,0
DA:188,4
DA:189,8
DA:192,4
DA:193,8
DA:194,8
DA:195,12
DA:199,0
DA:206,0
DA:207,0
DA:217,0
DA:218,0
DA:238,8
DA:239,72
DA:240,48
DA:241,8
DA:243,40
DA:246,24
DA:247,0
DA:251,8
DA:254,4
DA:255,8
DA:267,8
DA:268,8
DA:274,0
DA:284,0
DA:302,0
DA:303,0
LF:82
LH:33
BRDA:32,0,0,0
BRDA:32,0,1,8
BRDA:49,1,0,0
BRDA:49,1,1,0
BRDA:52,2,0,0
BRDA:52,2,1,0
BRDA:64,3,0,4
BRDA:64,3,1,0
BRDA:64,4,0,4
BRDA:64,4,1,4
BRDA:76,5,0,0
BRDA:76,5,1,0
BRDA:76,6,0,0
BRDA:76,6,1,0
BRDA:90,7,0,0
BRDA:90,7,1,0
BRDA:90,7,2,0
BRDA:90,7,3,0
BRDA:94,8,0,0
BRDA:94,8,1,0
BRDA:94,9,0,0
BRDA:94,9,1,0
BRDA:102,10,0,0
BRDA:102,10,1,0
BRDA:103,11,0,0
BRDA:103,11,1,0
BRDA:103,11,2,0
BRDA:107,12,0,0
BRDA:107,12,1,0
BRDA:169,13,0,0
BRDA:169,13,1,0
BRDA:176,14,0,0
BRDA:176,14,1,0
BRDA:176,15,0,0
BRDA:176,15,1,0
BRDA:176,15,2,0
BRDA:206,16,0,0
BRDA:206,16,1,0
BRDA:217,17,0,0
BRDA:217,17,1,0
BRDA:239,18,0,48
BRDA:239,18,1,24
BRDA:240,19,0,8
BRDA:240,19,1,40
BRDA:240,20,0,48
BRDA:240,20,1,40
BRDA:246,21,0,0
BRDA:246,21,1,24
BRDA:246,22,0,24
BRDA:246,22,1,24
BRDA:268,23,0,0
BRDA:268,23,1,8
BRDA:269,24,0,8
BRDA:269,24,1,4
BRDA:269,24,2,0
BRDA:269,24,3,0
BRF:56
BRH:16
end_of_record
TN:
SF:/Users/nick/CSC308/FrontEnd/Hopsy/src/components/SegmentedControls.js
FN:9,(anonymous_0)
FN:21,(anonymous_1)
FN:40,(anonymous_2)
FN:56,(anonymous_3)
FNF:4
FNH:4
FNDA:6,(anonymous_0)
FNDA:6,(anonymous_1)
FNDA:6,(anonymous_2)
FNDA:26,(anonymous_3)
DA:6,4
DA:10,6
DA:12,6
DA:22,6
DA:23,6
DA:24,6
DA:33,6
DA:41,6
DA:49,6
DA:51,6
DA:53,6
DA:57,26
DA:59,26
DA:63,26
DA:71,26
DA:79,26
DA:82,26
DA:83,26
DA:94,26
DA:104,26
DA:106,26
DA:110,26
DA:111,13
DA:112,13
DA:113,13
DA:114,3
DA:124,10
DA:125,3
DA:136,13
DA:137,3
DA:149,0
DA:153,26
DA:155,26
DA:160,26
DA:162,26
DA:188,4
DA:189,4
DA:191,4
LF:38
LH:37
BRDA:22,0,0,6
BRDA:22,0,1,0
BRDA:23,1,0,6
BRDA:23,1,1,0
BRDA:79,2,0,0
BRDA:79,2,1,26
BRDA:82,3,0,0
BRDA:82,3,1,26
BRDA:90,4,0,26
BRDA:90,4,1,26
BRDA:94,5,0,26
BRDA:94,5,1,0
BRDA:110,6,0,13
BRDA:110,6,1,13
BRDA:110,7,0,26
BRDA:110,7,1,13
BRDA:112,8,0,13
BRDA:112,8,1,0
BRDA:113,9,0,3
BRDA:113,9,1,10
BRDA:115,10,0,3
BRDA:115,10,1,0
BRDA:124,11,0,3
BRDA:124,11,1,7
BRDA:126,12,0,3
BRDA:126,12,1,0
BRDA:136,13,0,3
BRDA:136,13,1,10
BRDA:138,14,0,3
BRDA:138,14,1,0
BRDA:153,15,0,0
BRDA:153,15,1,26
BRDA:155,16,0,0
BRDA:155,16,1,26
BRDA:160,17,0,26
BRDA:160,17,1,0
BRDA:170,18,0,20
BRDA:170,18,1,6
BRDA:175,19,0,0
BRDA:175,19,1,26
BRF:40
BRH:27
end_of_record
TN:
SF:/Users/nick/CSC308/FrontEnd/Hopsy/src/components/SignUpForm.js
FN:20,(anonymous_0)
FN:25,(anonymous_1)
FN:42,(anonymous_2)
FN:50,(anonymous_3)
FN:51,(anonymous_4)
FN:52,(anonymous_5)
FN:61,(anonymous_6)
FN:62,(anonymous_7)
FN:63,(anonymous_8)
FN:75,(anonymous_9)
FN:76,(anonymous_10)
FN:77,(anonymous_11)
FN:81,(anonymous_12)
FNF:13
FNH:5
FNDA:4,(anonymous_0)
FNDA:0,(anonymous_1)
FNDA:4,(anonymous_2)
FNDA:4,(anonymous_3)
FNDA:0,(anonymous_4)
FNDA:0,(anonymous_5)
FNDA:4,(anonymous_6)
FNDA:0,(anonymous_7)
FNDA:0,(anonymous_8)
FNDA:4,(anonymous_9)
FNDA:0,(anonymous_10)
FNDA:0,(anonymous_11)
FNDA:0,(anonymous_12)
DA:14,4
DA:21,4
DA:22,4
DA:26,0
DA:27,0
DA:29,0
DA:43,4
DA:50,4
DA:51,0
DA:52,0
DA:61,4
DA:62,0
DA:63,0
DA:75,4
DA:76,0
DA:77,0
DA:82,0
DA:83,0
DA:92,4
DA:130,4
LF:20
LH:9
BRF:0
BRH:0
end_of_record
TN:
SF:/Users/nick/CSC308/FrontEnd/Hopsy/src/images/Bunny.png
FNF:0
FNH:0
DA:1,2
LF:1
LH:1
BRF:0
BRH:0
end_of_record
TN:
SF:/Users/nick/CSC308/FrontEnd/Hopsy/src/screens/AgeVerificationScreen.js
FN:15,(anonymous_0)
FN:20,(anonymous_1)
FN:25,(anonymous_2)
FN:28,(anonymous_3)
FN:37,(anonymous_4)
FN:44,(anonymous_5)
FN:48,(anonymous_6)
FN:51,(anonymous_7)
FN:82,(anonymous_8)
FNF:9
FNH:3
FNDA:2,(anonymous_0)
FNDA:0,(anonymous_1)
FNDA:0,(anonymous_2)
FNDA:0,(anonymous_3)
FNDA:2,(anonymous_4)
FNDA:0,(anonymous_5)
FNDA:2,(anonymous_6)
FNDA:0,(anonymous_7)
FNDA:0,(anonymous_8)
DA:7,2
DA:8,2
DA:9,2
DA:12,2
DA:16,2
DA:17,2
DA:20,2
DA:21,0
DA:22,0
DA:25,2
DA:26,0
DA:27,0
DA:28,0
DA:29,0
DA:32,0
DA:38,2
DA:39,0
DA:40,0
DA:45,0
DA:49,2
DA:50,2
DA:51,2
DA:52,0
DA:53,0
DA:57,0
DA:59,2
DA:60,0
DA:62,2
DA:82,0
DA:92,2
DA:98,2
LF:31
LH:16
BRDA:26,0,0,0
BRDA:26,0,1,0
BRDA:38,1,0,0
BRDA:38,1,1,2
BRDA:52,2,0,0
BRDA:52,2,1,0
BRDA:59,3,0,0
BRDA:59,3,1,2
BRF:8
BRH:2
end_of_record
TN:
SF:/Users/nick/CSC308/FrontEnd/Hopsy/src/screens/HomeScreen.js
FN:10,(anonymous_0)
FN:15,(anonymous_1)
FNF:2
FNH:1
FNDA:2,(anonymous_0)
FNDA:0,(anonymous_1)
DA:11,2
DA:16,0
DA:24,2
LF:3
LH:2
BRF:0
BRH:0
end_of_record
TN:
SF:/Users/nick/CSC308/FrontEnd/Hopsy/src/screens/MapScreen.js
FN:38,(anonymous_0)
FN:49,(anonymous_1)
FN:59,(anonymous_2)
FN:60,(anonymous_3)
FN:67,(anonymous_4)
FN:71,(anonymous_5)
FN:79,(anonymous_6)
FN:85,(anonymous_7)
FN:104,(anonymous_8)
FN:109,(anonymous_9)
FN:122,(anonymous_10)
FN:158,(anonymous_11)
FN:161,(anonymous_12)
FNF:13
FNH:3
FNDA:2,(anonymous_0)
FNDA:0,(anonymous_1)
FNDA:0,(anonymous_2)
FNDA:0,(anonymous_3)
FNDA:0,(anonymous_4)
FNDA:0,(anonymous_5)
FNDA:2,(anonymous_6)
FNDA:4,(anonymous_7)
FNDA:0,(anonymous_8)
FNDA:0,(anonymous_9)
FNDA:0,(anonymous_10)
FNDA:0,(anonymous_11)
FNDA:0,(anonymous_12)
DA:21,2
DA:23,2
DA:25,2
DA:27,2
DA:28,2
DA:31,2
DA:38,2
DA:39,2
DA:40,0
DA:41,0
DA:46,0
DA:47,0
DA:48,0
DA:49,0
DA:50,0
DA:59,0
DA:61,0
DA:72,0
DA:80,2
DA:82,2
DA:86,4
DA:88,4
DA:89,2
DA:98,2
DA:99,0
DA:105,0
DA:109,0
DA:123,0
DA:124,0
DA:125,0
DA:137,0
DA:159,0
DA:162,0
DA:207,2
DA:219,2
DA:223,2
LF:36
LH:17
BRDA:40,0,0,0
BRDA:40,0,1,0
BRDA:88,1,0,2
BRDA:88,1,1,2
BRDA:98,2,0,0
BRDA:98,2,1,2
BRDA:98,3,0,2
BRDA:98,3,1,0
BRDA:124,4,0,0
BRDA:124,4,1,0
BRDA:188,5,0,0
BRDA:188,5,1,0
BRF:12
BRH:4
end_of_record
TN:
SF:/Users/nick/CSC308/FrontEnd/Hopsy/src/screens/PreferenceScreen.js
FN:57,(anonymous_0)
FN:68,(anonymous_1)
FN:88,(anonymous_2)
FN:89,(anonymous_3)
FN:94,(anonymous_4)
FN:100,(anonymous_5)
FN:104,setSelectedFlavorOption
FN:111,setSelectedOriginOption
FN:131,(anonymous_8)
FN:137,(anonymous_9)
FN:139,(anonymous_10)
FN:206,(anonymous_11)
FNF:12
FNH:2
FNDA:2,(anonymous_0)
FNDA:0,(anonymous_1)
FNDA:0,(anonymous_2)
FNDA:0,(anonymous_3)
FNDA:0,(anonymous_4)
FNDA:2,(anonymous_5)
FNDA:0,setSelectedFlavorOption
FNDA:0,setSelectedOriginOption
FNDA:0,(anonymous_8)
FNDA:0,(anonymous_9)
FNDA:0,(anonymous_10)
FNDA:0,(anonymous_11)
DA:16,2
DA:17,2
DA:18,2
DA:21,2
DA:58,2
DA:59,2
DA:73,0
DA:74,0
DA:75,0
DA:88,0
DA:90,0
DA:91,0
DA:95,0
DA:101,2
DA:102,2
DA:105,0
DA:108,0
DA:112,0
DA:115,0
DA:118,2
DA:132,0
DA:133,0
DA:134,0
DA:138,0
DA:139,0
DA:141,0
DA:207,0
DA:208,0
DA:219,2
DA:225,2
LF:30
LH:11
BRDA:74,0,0,0
BRDA:74,0,1,0
BRDA:74,1,0,0
BRDA:74,1,1,0
BRDA:74,1,2,0
BRDA:90,2,0,0
BRDA:90,2,1,0
BRF:7
BRH:0
end_of_record
TN:
SF:/Users/nick/CSC308/FrontEnd/Hopsy/src/screens/ProfileScreen.js
FN:16,(anonymous_0)
FN:21,(anonymous_1)
FNF:2
FNH:1
FNDA:2,(anonymous_0)
FNDA:0,(anonymous_1)
DA:10,2
DA:17,2
DA:22,0
DA:30,2
LF:4
LH:3
BRF:0
BRH:0
end_of_record
TN:
SF:/Users/nick/CSC308/FrontEnd/Hopsy/src/screens/RecommendationScreen.js
FN:10,(anonymous_0)
FN:15,(anonymous_1)
FNF:2
FNH:1
FNDA:2,(anonymous_0)
FNDA:0,(anonymous_1)
DA:11,2
DA:16,0
DA:24,2
LF:3
LH:2
BRF:0
BRH:0
end_of_record
TN:
SF:/Users/nick/CSC308/FrontEnd/Hopsy/src/screens/SearchScreen.js
FN:24,(anonymous_0)
FN:37,(anonymous_1)
FN:41,(anonymous_2)
FN:45,(anonymous_3)
FN:56,(anonymous_4)
FN:70,(anonymous_5)
FN:72,(anonymous_6)
FN:78,(anonymous_7)
FN:82,(anonymous_8)
FN:87,(anonymous_9)
FN:120,(anonymous_10)
FN:126,(anonymous_11)
FN:148,(anonymous_12)
FN:160,(anonymous_13)
FN:171,(anonymous_14)
FN:176,(anonymous_15)
FN:176,(anonymous_16)
FN:184,(anonymous_17)
FNF:18
FNH:0
FNDA:0,(anonymous_0)
FNDA:0,(anonymous_1)
FNDA:0,(anonymous_2)
FNDA:0,(anonymous_3)
FNDA:0,(anonymous_4)
FNDA:0,(anonymous_5)
FNDA:0,(anonymous_6)
FNDA:0,(anonymous_7)
FNDA:0,(anonymous_8)
FNDA:0,(anonymous_9)
FNDA:0,(anonymous_10)
FNDA:0,(anonymous_11)
FNDA:0,(anonymous_12)
FNDA:0,(anonymous_13)
FNDA:0,(anonymous_14)
FNDA:0,(anonymous_15)
FNDA:0,(anonymous_16)
FNDA:0,(anonymous_17)
DA:25,0
DA:27,0
DA:38,0
DA:41,0
DA:45,0
DA:46,0
DA:56,0
DA:57,0
DA:70,0
DA:71,0
DA:72,0
DA:73,0
DA:75,0
DA:79,0
DA:83,0
DA:88,0
DA:121,0
DA:127,0
DA:149,0
DA:161,0
DA:171,0
DA:176,0
DA:184,0
DA:185,0
DA:189,2
LF:25
LH:1
BRF:0
BRH:0
end_of_record
TN:
SF:/Users/nick/CSC308/FrontEnd/Hopsy/src/screens/SettingsScreen.js
FN:13,(anonymous_0)
FN:18,(anonymous_1)
FNF:2
FNH:1
FNDA:2,(anonymous_0)
FNDA:0,(anonymous_1)
DA:10,2
DA:14,2
DA:19,0
DA:27,2
LF:4
LH:3
BRF:0
BRH:0
end_of_record
TN:
SF:/Users/nick/CSC308/FrontEnd/Hopsy/src/screens/SignUpScreen.js
FN:13,(anonymous_0)
FNF:1
FNH:1
FNDA:2,(anonymous_0)
DA:14,2
DA:31,2
DA:35,2
LF:3
LH:3
BRF:0
BRH:0
end_of_record
TN:
SF:/Users/nick/CSC308/FrontEnd/Hopsy/src/screens/TooYoung.js
FN:6,TooYoungScreen
FNF:1
FNH:1
FNDA:2,TooYoungScreen
DA:7,2
DA:16,2
DA:20,2
LF:3
LH:3
BRF:0
BRH:0
end_of_record
